<?xml version="1.0" encoding="utf-8"?>
<CoverageSession xmlns:xsd="http://www.w3.org/2001/XMLSchema" xmlns:xsi="http://www.w3.org/2001/XMLSchema-instance" Version="4.7.922.0">
  <Summary numSequencePoints="453" visitedSequencePoints="453" numBranchPoints="101" visitedBranchPoints="99" sequenceCoverage="100" branchCoverage="98.02" maxCyclomaticComplexity="10" minCyclomaticComplexity="1" maxCrapScore="10" minCrapScore="1" visitedClasses="7" numClasses="7" visitedMethods="27" numMethods="27" />
  <Modules>
    <Module hash="92-20-02-B5-15-3F-71-A0-66-68-E1-C4-5D-33-54-3F-50-F9-2C-1F">
      <Summary numSequencePoints="211" visitedSequencePoints="211" numBranchPoints="12" visitedBranchPoints="12" sequenceCoverage="100" branchCoverage="100" maxCyclomaticComplexity="1" minCyclomaticComplexity="0" maxCrapScore="2" minCrapScore="0" visitedClasses="1" numClasses="1" visitedMethods="12" numMethods="12" />
      <ModulePath>C:\Users\opola\OneDrive\Masaüstü\ce100-hw5-omer-polat\ce100-hw5-sln\ce100-hw5-algo-test-cs\bin\Debug\fine-code-coverage\build-output\ce100-hw5-algo-test-cs.dll</ModulePath>
      <ModuleTime>2022-05-27T14:08:18.9327467Z</ModuleTime>
      <ModuleName>ce100-hw5-algo-test-cs</ModuleName>
      <Files>
        <File uid="1" fullPath="C:\Users\opola\OneDrive\Masaüstü\ce100-hw5-omer-polat\ce100-hw5-sln\ce100-hw5-algo-test-cs\UnitTest1.cs" />
      </Files>
      <Classes>
        <Class>
          <Summary numSequencePoints="211" visitedSequencePoints="211" numBranchPoints="12" visitedBranchPoints="12" sequenceCoverage="100" branchCoverage="100" maxCyclomaticComplexity="1" minCyclomaticComplexity="1" maxCrapScore="2" minCrapScore="1" visitedClasses="1" numClasses="1" visitedMethods="12" numMethods="12" />
          <FullName>ce100_hw5_algo_test_cs.UnitTest1</FullName>
          <Methods>
            <Method visited="true" cyclomaticComplexity="1" nPathComplexity="0" sequenceCoverage="100" branchCoverage="100" crapScore="1" isConstructor="false" isStatic="false" isGetter="false" isSetter="false">
              <Summary numSequencePoints="11" visitedSequencePoints="11" numBranchPoints="1" visitedBranchPoints="1" sequenceCoverage="100" branchCoverage="100" maxCyclomaticComplexity="1" minCyclomaticComplexity="1" maxCrapScore="1" minCrapScore="1" visitedClasses="0" numClasses="0" visitedMethods="1" numMethods="1" />
              <MetadataToken>100663297</MetadataToken>
              <Name>System.Void ce100_hw5_algo_test_cs.UnitTest1::ISCYCLE_test1()</Name>
              <FileRef uid="1" />
              <SequencePoints>
                <SequencePoint vc="1" uspid="1" ordinal="0" offset="0" sl="14" sc="9" el="14" ec="10" bec="0" bev="0" fileid="1" />
                <SequencePoint vc="1" uspid="2" ordinal="1" offset="1" sl="15" sc="13" el="15" ec="42" bec="0" bev="0" fileid="1" />
                <SequencePoint vc="1" uspid="3" ordinal="2" offset="8" sl="16" sc="13" el="16" ec="33" bec="0" bev="0" fileid="1" />
                <SequencePoint vc="1" uspid="4" ordinal="3" offset="17" sl="17" sc="13" el="17" ec="33" bec="0" bev="0" fileid="1" />
                <SequencePoint vc="1" uspid="5" ordinal="4" offset="26" sl="18" sc="13" el="18" ec="33" bec="0" bev="0" fileid="1" />
                <SequencePoint vc="1" uspid="6" ordinal="5" offset="35" sl="19" sc="13" el="19" ec="33" bec="0" bev="0" fileid="1" />
                <SequencePoint vc="1" uspid="7" ordinal="6" offset="44" sl="20" sc="13" el="20" ec="33" bec="0" bev="0" fileid="1" />
                <SequencePoint vc="1" uspid="8" ordinal="7" offset="53" sl="21" sc="13" el="21" ec="33" bec="0" bev="0" fileid="1" />
                <SequencePoint vc="1" uspid="9" ordinal="8" offset="62" sl="23" sc="13" el="23" ec="32" bec="0" bev="0" fileid="1" />
                <SequencePoint vc="1" uspid="10" ordinal="9" offset="64" sl="25" sc="13" el="25" ec="55" bec="0" bev="0" fileid="1" />
                <SequencePoint vc="1" uspid="11" ordinal="10" offset="77" sl="26" sc="9" el="26" ec="10" bec="0" bev="0" fileid="1" />
              </SequencePoints>
              <BranchPoints />
              <MethodPoint xsi:type="SequencePoint" vc="1" uspid="1" ordinal="0" offset="0" sl="14" sc="9" el="14" ec="10" bec="0" bev="0" fileid="1" />
            </Method>
            <Method visited="true" cyclomaticComplexity="1" nPathComplexity="0" sequenceCoverage="100" branchCoverage="100" crapScore="1" isConstructor="false" isStatic="false" isGetter="false" isSetter="false">
              <Summary numSequencePoints="9" visitedSequencePoints="9" numBranchPoints="1" visitedBranchPoints="1" sequenceCoverage="100" branchCoverage="100" maxCyclomaticComplexity="1" minCyclomaticComplexity="1" maxCrapScore="1" minCrapScore="1" visitedClasses="0" numClasses="0" visitedMethods="1" numMethods="1" />
              <MetadataToken>100663298</MetadataToken>
              <Name>System.Void ce100_hw5_algo_test_cs.UnitTest1::ISCYCLE_test2()</Name>
              <FileRef uid="1" />
              <SequencePoints>
                <SequencePoint vc="1" uspid="12" ordinal="0" offset="0" sl="30" sc="9" el="30" ec="10" bec="0" bev="0" fileid="1" />
                <SequencePoint vc="1" uspid="13" ordinal="1" offset="1" sl="31" sc="13" el="31" ec="42" bec="0" bev="0" fileid="1" />
                <SequencePoint vc="1" uspid="14" ordinal="2" offset="8" sl="32" sc="13" el="32" ec="33" bec="0" bev="0" fileid="1" />
                <SequencePoint vc="1" uspid="15" ordinal="3" offset="17" sl="33" sc="13" el="33" ec="33" bec="0" bev="0" fileid="1" />
                <SequencePoint vc="1" uspid="16" ordinal="4" offset="26" sl="34" sc="13" el="34" ec="33" bec="0" bev="0" fileid="1" />
                <SequencePoint vc="1" uspid="17" ordinal="5" offset="35" sl="35" sc="13" el="35" ec="33" bec="0" bev="0" fileid="1" />
                <SequencePoint vc="1" uspid="18" ordinal="6" offset="44" sl="36" sc="13" el="36" ec="32" bec="0" bev="0" fileid="1" />
                <SequencePoint vc="1" uspid="19" ordinal="7" offset="46" sl="38" sc="13" el="38" ec="55" bec="0" bev="0" fileid="1" />
                <SequencePoint vc="1" uspid="20" ordinal="8" offset="59" sl="39" sc="9" el="39" ec="10" bec="0" bev="0" fileid="1" />
              </SequencePoints>
              <BranchPoints />
              <MethodPoint xsi:type="SequencePoint" vc="1" uspid="12" ordinal="0" offset="0" sl="30" sc="9" el="30" ec="10" bec="0" bev="0" fileid="1" />
            </Method>
            <Method visited="true" cyclomaticComplexity="1" nPathComplexity="0" sequenceCoverage="100" branchCoverage="100" crapScore="1" isConstructor="false" isStatic="false" isGetter="false" isSetter="false">
              <Summary numSequencePoints="8" visitedSequencePoints="8" numBranchPoints="1" visitedBranchPoints="1" sequenceCoverage="100" branchCoverage="100" maxCyclomaticComplexity="1" minCyclomaticComplexity="1" maxCrapScore="1" minCrapScore="1" visitedClasses="0" numClasses="0" visitedMethods="1" numMethods="1" />
              <MetadataToken>100663299</MetadataToken>
              <Name>System.Void ce100_hw5_algo_test_cs.UnitTest1::ISCYCLE_test3()</Name>
              <FileRef uid="1" />
              <SequencePoints>
                <SequencePoint vc="1" uspid="21" ordinal="0" offset="0" sl="43" sc="9" el="43" ec="10" bec="0" bev="0" fileid="1" />
                <SequencePoint vc="1" uspid="22" ordinal="1" offset="1" sl="44" sc="13" el="44" ec="42" bec="0" bev="0" fileid="1" />
                <SequencePoint vc="1" uspid="23" ordinal="2" offset="8" sl="45" sc="13" el="45" ec="33" bec="0" bev="0" fileid="1" />
                <SequencePoint vc="1" uspid="24" ordinal="3" offset="17" sl="46" sc="13" el="46" ec="33" bec="0" bev="0" fileid="1" />
                <SequencePoint vc="1" uspid="25" ordinal="4" offset="26" sl="47" sc="13" el="47" ec="33" bec="0" bev="0" fileid="1" />
                <SequencePoint vc="1" uspid="26" ordinal="5" offset="35" sl="49" sc="13" el="49" ec="35" bec="0" bev="0" fileid="1" />
                <SequencePoint vc="1" uspid="27" ordinal="6" offset="37" sl="51" sc="13" el="51" ec="57" bec="0" bev="0" fileid="1" />
                <SequencePoint vc="1" uspid="28" ordinal="7" offset="50" sl="52" sc="9" el="52" ec="10" bec="0" bev="0" fileid="1" />
              </SequencePoints>
              <BranchPoints />
              <MethodPoint xsi:type="SequencePoint" vc="1" uspid="21" ordinal="0" offset="0" sl="43" sc="9" el="43" ec="10" bec="0" bev="0" fileid="1" />
            </Method>
            <Method visited="true" cyclomaticComplexity="1" nPathComplexity="0" sequenceCoverage="100" branchCoverage="100" crapScore="1" isConstructor="false" isStatic="false" isGetter="false" isSetter="false">
              <Summary numSequencePoints="22" visitedSequencePoints="22" numBranchPoints="1" visitedBranchPoints="1" sequenceCoverage="100" branchCoverage="100" maxCyclomaticComplexity="1" minCyclomaticComplexity="1" maxCrapScore="1" minCrapScore="1" visitedClasses="0" numClasses="0" visitedMethods="1" numMethods="1" />
              <MetadataToken>100663300</MetadataToken>
              <Name>System.Void ce100_hw5_algo_test_cs.UnitTest1::KRUSKAL_test1()</Name>
              <FileRef uid="1" />
              <SequencePoints>
                <SequencePoint vc="1" uspid="29" ordinal="0" offset="0" sl="57" sc="9" el="57" ec="10" bec="0" bev="0" fileid="1" />
                <SequencePoint vc="1" uspid="30" ordinal="1" offset="1" sl="58" sc="13" el="58" ec="23" bec="0" bev="0" fileid="1" />
                <SequencePoint vc="1" uspid="31" ordinal="2" offset="3" sl="59" sc="13" el="59" ec="23" bec="0" bev="0" fileid="1" />
                <SequencePoint vc="1" uspid="32" ordinal="3" offset="5" sl="60" sc="13" el="60" ec="45" bec="0" bev="0" fileid="1" />
                <SequencePoint vc="1" uspid="33" ordinal="4" offset="13" sl="63" sc="13" el="63" ec="33" bec="0" bev="0" fileid="1" />
                <SequencePoint vc="1" uspid="34" ordinal="5" offset="27" sl="64" sc="13" el="64" ec="33" bec="0" bev="0" fileid="1" />
                <SequencePoint vc="1" uspid="35" ordinal="6" offset="41" sl="65" sc="13" el="65" ec="34" bec="0" bev="0" fileid="1" />
                <SequencePoint vc="1" uspid="36" ordinal="7" offset="56" sl="68" sc="13" el="68" ec="33" bec="0" bev="0" fileid="1" />
                <SequencePoint vc="1" uspid="37" ordinal="8" offset="70" sl="69" sc="13" el="69" ec="33" bec="0" bev="0" fileid="1" />
                <SequencePoint vc="1" uspid="38" ordinal="9" offset="84" sl="70" sc="13" el="70" ec="33" bec="0" bev="0" fileid="1" />
                <SequencePoint vc="1" uspid="39" ordinal="10" offset="98" sl="73" sc="13" el="73" ec="33" bec="0" bev="0" fileid="1" />
                <SequencePoint vc="1" uspid="40" ordinal="11" offset="112" sl="74" sc="13" el="74" ec="33" bec="0" bev="0" fileid="1" />
                <SequencePoint vc="1" uspid="41" ordinal="12" offset="126" sl="75" sc="13" el="75" ec="33" bec="0" bev="0" fileid="1" />
                <SequencePoint vc="1" uspid="42" ordinal="13" offset="140" sl="78" sc="13" el="78" ec="33" bec="0" bev="0" fileid="1" />
                <SequencePoint vc="1" uspid="43" ordinal="14" offset="154" sl="79" sc="13" el="79" ec="33" bec="0" bev="0" fileid="1" />
                <SequencePoint vc="1" uspid="44" ordinal="15" offset="168" sl="80" sc="13" el="80" ec="34" bec="0" bev="0" fileid="1" />
                <SequencePoint vc="1" uspid="45" ordinal="16" offset="183" sl="83" sc="13" el="83" ec="33" bec="0" bev="0" fileid="1" />
                <SequencePoint vc="1" uspid="46" ordinal="17" offset="197" sl="84" sc="13" el="84" ec="33" bec="0" bev="0" fileid="1" />
                <SequencePoint vc="1" uspid="47" ordinal="18" offset="211" sl="85" sc="13" el="85" ec="33" bec="0" bev="0" fileid="1" />
                <SequencePoint vc="1" uspid="48" ordinal="19" offset="225" sl="87" sc="13" el="90" ec="38" bec="0" bev="0" fileid="1" />
                <SequencePoint vc="1" uspid="49" ordinal="20" offset="231" sl="92" sc="13" el="92" ec="57" bec="0" bev="0" fileid="1" />
                <SequencePoint vc="1" uspid="50" ordinal="21" offset="244" sl="93" sc="9" el="93" ec="10" bec="0" bev="0" fileid="1" />
              </SequencePoints>
              <BranchPoints />
              <MethodPoint xsi:type="SequencePoint" vc="1" uspid="29" ordinal="0" offset="0" sl="57" sc="9" el="57" ec="10" bec="0" bev="0" fileid="1" />
            </Method>
            <Method visited="true" cyclomaticComplexity="1" nPathComplexity="0" sequenceCoverage="100" branchCoverage="100" crapScore="1" isConstructor="false" isStatic="false" isGetter="false" isSetter="false">
              <Summary numSequencePoints="25" visitedSequencePoints="25" numBranchPoints="1" visitedBranchPoints="1" sequenceCoverage="100" branchCoverage="100" maxCyclomaticComplexity="1" minCyclomaticComplexity="1" maxCrapScore="1" minCrapScore="1" visitedClasses="0" numClasses="0" visitedMethods="1" numMethods="1" />
              <MetadataToken>100663301</MetadataToken>
              <Name>System.Void ce100_hw5_algo_test_cs.UnitTest1::KRUSKAL_test2()</Name>
              <FileRef uid="1" />
              <SequencePoints>
                <SequencePoint vc="1" uspid="51" ordinal="0" offset="0" sl="97" sc="9" el="97" ec="10" bec="0" bev="0" fileid="1" />
                <SequencePoint vc="1" uspid="52" ordinal="1" offset="1" sl="98" sc="13" el="98" ec="23" bec="0" bev="0" fileid="1" />
                <SequencePoint vc="1" uspid="53" ordinal="2" offset="3" sl="99" sc="13" el="99" ec="23" bec="0" bev="0" fileid="1" />
                <SequencePoint vc="1" uspid="54" ordinal="3" offset="5" sl="100" sc="13" el="100" ec="45" bec="0" bev="0" fileid="1" />
                <SequencePoint vc="1" uspid="55" ordinal="4" offset="13" sl="103" sc="13" el="103" ec="33" bec="0" bev="0" fileid="1" />
                <SequencePoint vc="1" uspid="56" ordinal="5" offset="27" sl="104" sc="13" el="104" ec="33" bec="0" bev="0" fileid="1" />
                <SequencePoint vc="1" uspid="57" ordinal="6" offset="41" sl="105" sc="13" el="105" ec="33" bec="0" bev="0" fileid="1" />
                <SequencePoint vc="1" uspid="58" ordinal="7" offset="55" sl="108" sc="13" el="108" ec="33" bec="0" bev="0" fileid="1" />
                <SequencePoint vc="1" uspid="59" ordinal="8" offset="69" sl="109" sc="13" el="109" ec="33" bec="0" bev="0" fileid="1" />
                <SequencePoint vc="1" uspid="60" ordinal="9" offset="83" sl="110" sc="13" el="110" ec="33" bec="0" bev="0" fileid="1" />
                <SequencePoint vc="1" uspid="61" ordinal="10" offset="97" sl="113" sc="13" el="113" ec="33" bec="0" bev="0" fileid="1" />
                <SequencePoint vc="1" uspid="62" ordinal="11" offset="111" sl="114" sc="13" el="114" ec="33" bec="0" bev="0" fileid="1" />
                <SequencePoint vc="1" uspid="63" ordinal="12" offset="125" sl="115" sc="13" el="115" ec="33" bec="0" bev="0" fileid="1" />
                <SequencePoint vc="1" uspid="64" ordinal="13" offset="139" sl="118" sc="13" el="118" ec="33" bec="0" bev="0" fileid="1" />
                <SequencePoint vc="1" uspid="65" ordinal="14" offset="153" sl="119" sc="13" el="119" ec="33" bec="0" bev="0" fileid="1" />
                <SequencePoint vc="1" uspid="66" ordinal="15" offset="167" sl="120" sc="13" el="120" ec="33" bec="0" bev="0" fileid="1" />
                <SequencePoint vc="1" uspid="67" ordinal="16" offset="181" sl="123" sc="13" el="123" ec="33" bec="0" bev="0" fileid="1" />
                <SequencePoint vc="1" uspid="68" ordinal="17" offset="195" sl="124" sc="13" el="124" ec="33" bec="0" bev="0" fileid="1" />
                <SequencePoint vc="1" uspid="69" ordinal="18" offset="209" sl="125" sc="13" el="125" ec="33" bec="0" bev="0" fileid="1" />
                <SequencePoint vc="1" uspid="70" ordinal="19" offset="223" sl="128" sc="13" el="128" ec="33" bec="0" bev="0" fileid="1" />
                <SequencePoint vc="1" uspid="71" ordinal="20" offset="237" sl="129" sc="13" el="129" ec="33" bec="0" bev="0" fileid="1" />
                <SequencePoint vc="1" uspid="72" ordinal="21" offset="251" sl="130" sc="13" el="130" ec="34" bec="0" bev="0" fileid="1" />
                <SequencePoint vc="1" uspid="73" ordinal="22" offset="266" sl="132" sc="13" el="136" ec="37" bec="0" bev="0" fileid="1" />
                <SequencePoint vc="1" uspid="74" ordinal="23" offset="272" sl="138" sc="13" el="138" ec="57" bec="0" bev="0" fileid="1" />
                <SequencePoint vc="1" uspid="75" ordinal="24" offset="285" sl="139" sc="9" el="139" ec="10" bec="0" bev="0" fileid="1" />
              </SequencePoints>
              <BranchPoints />
              <MethodPoint xsi:type="SequencePoint" vc="1" uspid="51" ordinal="0" offset="0" sl="97" sc="9" el="97" ec="10" bec="0" bev="0" fileid="1" />
            </Method>
            <Method visited="true" cyclomaticComplexity="1" nPathComplexity="0" sequenceCoverage="100" branchCoverage="100" crapScore="1" isConstructor="false" isStatic="false" isGetter="false" isSetter="false">
              <Summary numSequencePoints="31" visitedSequencePoints="31" numBranchPoints="1" visitedBranchPoints="1" sequenceCoverage="100" branchCoverage="100" maxCyclomaticComplexity="1" minCyclomaticComplexity="1" maxCrapScore="1" minCrapScore="1" visitedClasses="0" numClasses="0" visitedMethods="1" numMethods="1" />
              <MetadataToken>100663302</MetadataToken>
              <Name>System.Void ce100_hw5_algo_test_cs.UnitTest1::Minimum_Spanning_Tree_test3()</Name>
              <FileRef uid="1" />
              <SequencePoints>
                <SequencePoint vc="1" uspid="76" ordinal="0" offset="0" sl="143" sc="9" el="143" ec="10" bec="0" bev="0" fileid="1" />
                <SequencePoint vc="1" uspid="77" ordinal="1" offset="1" sl="144" sc="13" el="144" ec="23" bec="0" bev="0" fileid="1" />
                <SequencePoint vc="1" uspid="78" ordinal="2" offset="3" sl="145" sc="13" el="145" ec="23" bec="0" bev="0" fileid="1" />
                <SequencePoint vc="1" uspid="79" ordinal="3" offset="5" sl="146" sc="13" el="146" ec="45" bec="0" bev="0" fileid="1" />
                <SequencePoint vc="1" uspid="80" ordinal="4" offset="13" sl="149" sc="13" el="149" ec="33" bec="0" bev="0" fileid="1" />
                <SequencePoint vc="1" uspid="81" ordinal="5" offset="27" sl="150" sc="13" el="150" ec="33" bec="0" bev="0" fileid="1" />
                <SequencePoint vc="1" uspid="82" ordinal="6" offset="41" sl="151" sc="13" el="151" ec="33" bec="0" bev="0" fileid="1" />
                <SequencePoint vc="1" uspid="83" ordinal="7" offset="55" sl="154" sc="13" el="154" ec="33" bec="0" bev="0" fileid="1" />
                <SequencePoint vc="1" uspid="84" ordinal="8" offset="69" sl="155" sc="13" el="155" ec="33" bec="0" bev="0" fileid="1" />
                <SequencePoint vc="1" uspid="85" ordinal="9" offset="83" sl="156" sc="13" el="156" ec="34" bec="0" bev="0" fileid="1" />
                <SequencePoint vc="1" uspid="86" ordinal="10" offset="98" sl="159" sc="13" el="159" ec="33" bec="0" bev="0" fileid="1" />
                <SequencePoint vc="1" uspid="87" ordinal="11" offset="112" sl="160" sc="13" el="160" ec="33" bec="0" bev="0" fileid="1" />
                <SequencePoint vc="1" uspid="88" ordinal="12" offset="126" sl="161" sc="13" el="161" ec="34" bec="0" bev="0" fileid="1" />
                <SequencePoint vc="1" uspid="89" ordinal="13" offset="141" sl="164" sc="13" el="164" ec="33" bec="0" bev="0" fileid="1" />
                <SequencePoint vc="1" uspid="90" ordinal="14" offset="155" sl="165" sc="13" el="165" ec="33" bec="0" bev="0" fileid="1" />
                <SequencePoint vc="1" uspid="91" ordinal="15" offset="169" sl="166" sc="13" el="166" ec="34" bec="0" bev="0" fileid="1" />
                <SequencePoint vc="1" uspid="92" ordinal="16" offset="184" sl="169" sc="13" el="169" ec="33" bec="0" bev="0" fileid="1" />
                <SequencePoint vc="1" uspid="93" ordinal="17" offset="198" sl="170" sc="13" el="170" ec="33" bec="0" bev="0" fileid="1" />
                <SequencePoint vc="1" uspid="94" ordinal="18" offset="212" sl="171" sc="13" el="171" ec="34" bec="0" bev="0" fileid="1" />
                <SequencePoint vc="1" uspid="95" ordinal="19" offset="227" sl="174" sc="13" el="174" ec="33" bec="0" bev="0" fileid="1" />
                <SequencePoint vc="1" uspid="96" ordinal="20" offset="241" sl="175" sc="13" el="175" ec="33" bec="0" bev="0" fileid="1" />
                <SequencePoint vc="1" uspid="97" ordinal="21" offset="255" sl="176" sc="13" el="176" ec="33" bec="0" bev="0" fileid="1" />
                <SequencePoint vc="1" uspid="98" ordinal="22" offset="270" sl="179" sc="13" el="179" ec="33" bec="0" bev="0" fileid="1" />
                <SequencePoint vc="1" uspid="99" ordinal="23" offset="284" sl="180" sc="13" el="180" ec="33" bec="0" bev="0" fileid="1" />
                <SequencePoint vc="1" uspid="100" ordinal="24" offset="298" sl="181" sc="13" el="181" ec="33" bec="0" bev="0" fileid="1" />
                <SequencePoint vc="1" uspid="101" ordinal="25" offset="312" sl="184" sc="13" el="184" ec="33" bec="0" bev="0" fileid="1" />
                <SequencePoint vc="1" uspid="102" ordinal="26" offset="326" sl="185" sc="13" el="185" ec="33" bec="0" bev="0" fileid="1" />
                <SequencePoint vc="1" uspid="103" ordinal="27" offset="340" sl="186" sc="13" el="186" ec="33" bec="0" bev="0" fileid="1" />
                <SequencePoint vc="1" uspid="104" ordinal="28" offset="354" sl="192" sc="13" el="197" ec="38" bec="0" bev="0" fileid="1" />
                <SequencePoint vc="1" uspid="105" ordinal="29" offset="360" sl="199" sc="13" el="199" ec="57" bec="0" bev="0" fileid="1" />
                <SequencePoint vc="1" uspid="106" ordinal="30" offset="373" sl="200" sc="9" el="200" ec="10" bec="0" bev="0" fileid="1" />
              </SequencePoints>
              <BranchPoints />
              <MethodPoint xsi:type="SequencePoint" vc="1" uspid="76" ordinal="0" offset="0" sl="143" sc="9" el="143" ec="10" bec="0" bev="0" fileid="1" />
            </Method>
            <Method visited="true" cyclomaticComplexity="1" nPathComplexity="0" sequenceCoverage="100" branchCoverage="100" crapScore="1" isConstructor="false" isStatic="false" isGetter="false" isSetter="false">
              <Summary numSequencePoints="25" visitedSequencePoints="25" numBranchPoints="1" visitedBranchPoints="1" sequenceCoverage="100" branchCoverage="100" maxCyclomaticComplexity="1" minCyclomaticComplexity="1" maxCrapScore="1" minCrapScore="1" visitedClasses="0" numClasses="0" visitedMethods="1" numMethods="1" />
              <MetadataToken>100663303</MetadataToken>
              <Name>System.Void ce100_hw5_algo_test_cs.UnitTest1::BELLMAN_FORD_test1()</Name>
              <FileRef uid="1" />
              <SequencePoints>
                <SequencePoint vc="1" uspid="107" ordinal="0" offset="0" sl="205" sc="9" el="205" ec="10" bec="0" bev="0" fileid="1" />
                <SequencePoint vc="1" uspid="108" ordinal="1" offset="1" sl="206" sc="13" el="206" ec="23" bec="0" bev="0" fileid="1" />
                <SequencePoint vc="1" uspid="109" ordinal="2" offset="3" sl="207" sc="13" el="207" ec="23" bec="0" bev="0" fileid="1" />
                <SequencePoint vc="1" uspid="110" ordinal="3" offset="5" sl="209" sc="13" el="209" ec="45" bec="0" bev="0" fileid="1" />
                <SequencePoint vc="1" uspid="111" ordinal="4" offset="13" sl="212" sc="13" el="212" ec="33" bec="0" bev="0" fileid="1" />
                <SequencePoint vc="1" uspid="112" ordinal="5" offset="27" sl="213" sc="13" el="213" ec="33" bec="0" bev="0" fileid="1" />
                <SequencePoint vc="1" uspid="113" ordinal="6" offset="41" sl="214" sc="13" el="214" ec="34" bec="0" bev="0" fileid="1" />
                <SequencePoint vc="1" uspid="114" ordinal="7" offset="56" sl="217" sc="13" el="217" ec="33" bec="0" bev="0" fileid="1" />
                <SequencePoint vc="1" uspid="115" ordinal="8" offset="70" sl="218" sc="13" el="218" ec="33" bec="0" bev="0" fileid="1" />
                <SequencePoint vc="1" uspid="116" ordinal="9" offset="84" sl="219" sc="13" el="219" ec="34" bec="0" bev="0" fileid="1" />
                <SequencePoint vc="1" uspid="117" ordinal="10" offset="99" sl="222" sc="13" el="222" ec="33" bec="0" bev="0" fileid="1" />
                <SequencePoint vc="1" uspid="118" ordinal="11" offset="113" sl="223" sc="13" el="223" ec="33" bec="0" bev="0" fileid="1" />
                <SequencePoint vc="1" uspid="119" ordinal="12" offset="127" sl="224" sc="13" el="224" ec="33" bec="0" bev="0" fileid="1" />
                <SequencePoint vc="1" uspid="120" ordinal="13" offset="141" sl="227" sc="13" el="227" ec="33" bec="0" bev="0" fileid="1" />
                <SequencePoint vc="1" uspid="121" ordinal="14" offset="155" sl="228" sc="13" el="228" ec="33" bec="0" bev="0" fileid="1" />
                <SequencePoint vc="1" uspid="122" ordinal="15" offset="169" sl="229" sc="13" el="229" ec="34" bec="0" bev="0" fileid="1" />
                <SequencePoint vc="1" uspid="123" ordinal="16" offset="184" sl="232" sc="13" el="232" ec="33" bec="0" bev="0" fileid="1" />
                <SequencePoint vc="1" uspid="124" ordinal="17" offset="198" sl="233" sc="13" el="233" ec="33" bec="0" bev="0" fileid="1" />
                <SequencePoint vc="1" uspid="125" ordinal="18" offset="212" sl="234" sc="13" el="234" ec="33" bec="0" bev="0" fileid="1" />
                <SequencePoint vc="1" uspid="126" ordinal="19" offset="226" sl="237" sc="13" el="237" ec="33" bec="0" bev="0" fileid="1" />
                <SequencePoint vc="1" uspid="127" ordinal="20" offset="240" sl="238" sc="13" el="238" ec="33" bec="0" bev="0" fileid="1" />
                <SequencePoint vc="1" uspid="128" ordinal="21" offset="254" sl="239" sc="13" el="239" ec="34" bec="0" bev="0" fileid="1" />
                <SequencePoint vc="1" uspid="129" ordinal="22" offset="269" sl="243" sc="13" el="243" ec="122" bec="0" bev="0" fileid="1" />
                <SequencePoint vc="1" uspid="130" ordinal="23" offset="275" sl="245" sc="13" el="245" ec="67" bec="0" bev="0" fileid="1" />
                <SequencePoint vc="1" uspid="131" ordinal="24" offset="289" sl="246" sc="9" el="246" ec="10" bec="0" bev="0" fileid="1" />
              </SequencePoints>
              <BranchPoints />
              <MethodPoint xsi:type="SequencePoint" vc="1" uspid="107" ordinal="0" offset="0" sl="205" sc="9" el="205" ec="10" bec="0" bev="0" fileid="1" />
            </Method>
            <Method visited="true" cyclomaticComplexity="1" nPathComplexity="0" sequenceCoverage="100" branchCoverage="100" crapScore="1" isConstructor="false" isStatic="false" isGetter="false" isSetter="false">
              <Summary numSequencePoints="25" visitedSequencePoints="25" numBranchPoints="1" visitedBranchPoints="1" sequenceCoverage="100" branchCoverage="100" maxCyclomaticComplexity="1" minCyclomaticComplexity="1" maxCrapScore="1" minCrapScore="1" visitedClasses="0" numClasses="0" visitedMethods="1" numMethods="1" />
              <MetadataToken>100663304</MetadataToken>
              <Name>System.Void ce100_hw5_algo_test_cs.UnitTest1::BELLMAN_FORD_test2()</Name>
              <FileRef uid="1" />
              <SequencePoints>
                <SequencePoint vc="1" uspid="132" ordinal="0" offset="0" sl="250" sc="9" el="250" ec="10" bec="0" bev="0" fileid="1" />
                <SequencePoint vc="1" uspid="133" ordinal="1" offset="1" sl="251" sc="13" el="251" ec="23" bec="0" bev="0" fileid="1" />
                <SequencePoint vc="1" uspid="134" ordinal="2" offset="3" sl="252" sc="13" el="252" ec="23" bec="0" bev="0" fileid="1" />
                <SequencePoint vc="1" uspid="135" ordinal="3" offset="5" sl="254" sc="13" el="254" ec="45" bec="0" bev="0" fileid="1" />
                <SequencePoint vc="1" uspid="136" ordinal="4" offset="13" sl="257" sc="13" el="257" ec="33" bec="0" bev="0" fileid="1" />
                <SequencePoint vc="1" uspid="137" ordinal="5" offset="27" sl="258" sc="13" el="258" ec="33" bec="0" bev="0" fileid="1" />
                <SequencePoint vc="1" uspid="138" ordinal="6" offset="41" sl="259" sc="13" el="259" ec="33" bec="0" bev="0" fileid="1" />
                <SequencePoint vc="1" uspid="139" ordinal="7" offset="55" sl="262" sc="13" el="262" ec="33" bec="0" bev="0" fileid="1" />
                <SequencePoint vc="1" uspid="140" ordinal="8" offset="69" sl="263" sc="13" el="263" ec="33" bec="0" bev="0" fileid="1" />
                <SequencePoint vc="1" uspid="141" ordinal="9" offset="83" sl="264" sc="13" el="264" ec="33" bec="0" bev="0" fileid="1" />
                <SequencePoint vc="1" uspid="142" ordinal="10" offset="97" sl="267" sc="13" el="267" ec="33" bec="0" bev="0" fileid="1" />
                <SequencePoint vc="1" uspid="143" ordinal="11" offset="111" sl="268" sc="13" el="268" ec="33" bec="0" bev="0" fileid="1" />
                <SequencePoint vc="1" uspid="144" ordinal="12" offset="125" sl="269" sc="13" el="269" ec="33" bec="0" bev="0" fileid="1" />
                <SequencePoint vc="1" uspid="145" ordinal="13" offset="139" sl="272" sc="13" el="272" ec="33" bec="0" bev="0" fileid="1" />
                <SequencePoint vc="1" uspid="146" ordinal="14" offset="153" sl="273" sc="13" el="273" ec="33" bec="0" bev="0" fileid="1" />
                <SequencePoint vc="1" uspid="147" ordinal="15" offset="167" sl="274" sc="13" el="274" ec="33" bec="0" bev="0" fileid="1" />
                <SequencePoint vc="1" uspid="148" ordinal="16" offset="181" sl="277" sc="13" el="277" ec="33" bec="0" bev="0" fileid="1" />
                <SequencePoint vc="1" uspid="149" ordinal="17" offset="195" sl="278" sc="13" el="278" ec="33" bec="0" bev="0" fileid="1" />
                <SequencePoint vc="1" uspid="150" ordinal="18" offset="209" sl="279" sc="13" el="279" ec="33" bec="0" bev="0" fileid="1" />
                <SequencePoint vc="1" uspid="151" ordinal="19" offset="223" sl="282" sc="13" el="282" ec="33" bec="0" bev="0" fileid="1" />
                <SequencePoint vc="1" uspid="152" ordinal="20" offset="237" sl="283" sc="13" el="283" ec="33" bec="0" bev="0" fileid="1" />
                <SequencePoint vc="1" uspid="153" ordinal="21" offset="251" sl="284" sc="13" el="284" ec="33" bec="0" bev="0" fileid="1" />
                <SequencePoint vc="1" uspid="154" ordinal="22" offset="265" sl="286" sc="13" el="286" ec="115" bec="0" bev="0" fileid="1" />
                <SequencePoint vc="1" uspid="155" ordinal="23" offset="271" sl="288" sc="13" el="288" ec="67" bec="0" bev="0" fileid="1" />
                <SequencePoint vc="1" uspid="156" ordinal="24" offset="285" sl="289" sc="9" el="289" ec="10" bec="0" bev="0" fileid="1" />
              </SequencePoints>
              <BranchPoints />
              <MethodPoint xsi:type="SequencePoint" vc="1" uspid="132" ordinal="0" offset="0" sl="250" sc="9" el="250" ec="10" bec="0" bev="0" fileid="1" />
            </Method>
            <Method visited="true" cyclomaticComplexity="1" nPathComplexity="0" sequenceCoverage="100" branchCoverage="100" crapScore="1" isConstructor="false" isStatic="false" isGetter="false" isSetter="false">
              <Summary numSequencePoints="31" visitedSequencePoints="31" numBranchPoints="1" visitedBranchPoints="1" sequenceCoverage="100" branchCoverage="100" maxCyclomaticComplexity="1" minCyclomaticComplexity="1" maxCrapScore="1" minCrapScore="1" visitedClasses="0" numClasses="0" visitedMethods="1" numMethods="1" />
              <MetadataToken>100663305</MetadataToken>
              <Name>System.Void ce100_hw5_algo_test_cs.UnitTest1::BELLMAN_FORD_test3()</Name>
              <FileRef uid="1" />
              <SequencePoints>
                <SequencePoint vc="1" uspid="157" ordinal="0" offset="0" sl="294" sc="9" el="294" ec="10" bec="0" bev="0" fileid="1" />
                <SequencePoint vc="1" uspid="158" ordinal="1" offset="1" sl="295" sc="13" el="295" ec="23" bec="0" bev="0" fileid="1" />
                <SequencePoint vc="1" uspid="159" ordinal="2" offset="3" sl="296" sc="13" el="296" ec="23" bec="0" bev="0" fileid="1" />
                <SequencePoint vc="1" uspid="160" ordinal="3" offset="5" sl="298" sc="13" el="298" ec="45" bec="0" bev="0" fileid="1" />
                <SequencePoint vc="1" uspid="161" ordinal="4" offset="13" sl="301" sc="13" el="301" ec="33" bec="0" bev="0" fileid="1" />
                <SequencePoint vc="1" uspid="162" ordinal="5" offset="27" sl="302" sc="13" el="302" ec="33" bec="0" bev="0" fileid="1" />
                <SequencePoint vc="1" uspid="163" ordinal="6" offset="41" sl="303" sc="13" el="303" ec="34" bec="0" bev="0" fileid="1" />
                <SequencePoint vc="1" uspid="164" ordinal="7" offset="55" sl="306" sc="13" el="306" ec="33" bec="0" bev="0" fileid="1" />
                <SequencePoint vc="1" uspid="165" ordinal="8" offset="69" sl="307" sc="13" el="307" ec="33" bec="0" bev="0" fileid="1" />
                <SequencePoint vc="1" uspid="166" ordinal="9" offset="83" sl="308" sc="13" el="308" ec="34" bec="0" bev="0" fileid="1" />
                <SequencePoint vc="1" uspid="167" ordinal="10" offset="98" sl="311" sc="13" el="311" ec="33" bec="0" bev="0" fileid="1" />
                <SequencePoint vc="1" uspid="168" ordinal="11" offset="112" sl="312" sc="13" el="312" ec="33" bec="0" bev="0" fileid="1" />
                <SequencePoint vc="1" uspid="169" ordinal="12" offset="126" sl="313" sc="13" el="313" ec="34" bec="0" bev="0" fileid="1" />
                <SequencePoint vc="1" uspid="170" ordinal="13" offset="141" sl="316" sc="13" el="316" ec="33" bec="0" bev="0" fileid="1" />
                <SequencePoint vc="1" uspid="171" ordinal="14" offset="155" sl="317" sc="13" el="317" ec="33" bec="0" bev="0" fileid="1" />
                <SequencePoint vc="1" uspid="172" ordinal="15" offset="169" sl="318" sc="13" el="318" ec="35" bec="0" bev="0" fileid="1" />
                <SequencePoint vc="1" uspid="173" ordinal="16" offset="184" sl="321" sc="13" el="321" ec="33" bec="0" bev="0" fileid="1" />
                <SequencePoint vc="1" uspid="174" ordinal="17" offset="198" sl="322" sc="13" el="322" ec="33" bec="0" bev="0" fileid="1" />
                <SequencePoint vc="1" uspid="175" ordinal="18" offset="212" sl="323" sc="13" el="323" ec="34" bec="0" bev="0" fileid="1" />
                <SequencePoint vc="1" uspid="176" ordinal="19" offset="227" sl="326" sc="13" el="326" ec="33" bec="0" bev="0" fileid="1" />
                <SequencePoint vc="1" uspid="177" ordinal="20" offset="241" sl="327" sc="13" el="327" ec="33" bec="0" bev="0" fileid="1" />
                <SequencePoint vc="1" uspid="178" ordinal="21" offset="255" sl="328" sc="13" el="328" ec="34" bec="0" bev="0" fileid="1" />
                <SequencePoint vc="1" uspid="179" ordinal="22" offset="270" sl="331" sc="13" el="331" ec="33" bec="0" bev="0" fileid="1" />
                <SequencePoint vc="1" uspid="180" ordinal="23" offset="284" sl="332" sc="13" el="332" ec="33" bec="0" bev="0" fileid="1" />
                <SequencePoint vc="1" uspid="181" ordinal="24" offset="298" sl="333" sc="13" el="333" ec="35" bec="0" bev="0" fileid="1" />
                <SequencePoint vc="1" uspid="182" ordinal="25" offset="313" sl="336" sc="13" el="336" ec="33" bec="0" bev="0" fileid="1" />
                <SequencePoint vc="1" uspid="183" ordinal="26" offset="327" sl="337" sc="13" el="337" ec="33" bec="0" bev="0" fileid="1" />
                <SequencePoint vc="1" uspid="184" ordinal="27" offset="341" sl="338" sc="13" el="338" ec="34" bec="0" bev="0" fileid="1" />
                <SequencePoint vc="1" uspid="185" ordinal="28" offset="356" sl="341" sc="13" el="346" ec="44" bec="0" bev="0" fileid="1" />
                <SequencePoint vc="1" uspid="186" ordinal="29" offset="362" sl="348" sc="13" el="348" ec="67" bec="0" bev="0" fileid="1" />
                <SequencePoint vc="1" uspid="187" ordinal="30" offset="376" sl="349" sc="9" el="349" ec="10" bec="0" bev="0" fileid="1" />
              </SequencePoints>
              <BranchPoints />
              <MethodPoint xsi:type="SequencePoint" vc="1" uspid="157" ordinal="0" offset="0" sl="294" sc="9" el="294" ec="10" bec="0" bev="0" fileid="1" />
            </Method>
            <Method visited="true" cyclomaticComplexity="1" nPathComplexity="0" sequenceCoverage="100" branchCoverage="100" crapScore="1" isConstructor="false" isStatic="false" isGetter="false" isSetter="false">
              <Summary numSequencePoints="8" visitedSequencePoints="8" numBranchPoints="1" visitedBranchPoints="1" sequenceCoverage="100" branchCoverage="100" maxCyclomaticComplexity="1" minCyclomaticComplexity="1" maxCrapScore="1" minCrapScore="1" visitedClasses="0" numClasses="0" visitedMethods="1" numMethods="1" />
              <MetadataToken>100663306</MetadataToken>
              <Name>System.Void ce100_hw5_algo_test_cs.UnitTest1::FORD_FULKERSON_test1()</Name>
              <FileRef uid="1" />
              <SequencePoints>
                <SequencePoint vc="1" uspid="188" ordinal="0" offset="0" sl="353" sc="9" el="353" ec="10" bec="0" bev="0" fileid="1" />
                <SequencePoint vc="1" uspid="189" ordinal="1" offset="1" sl="354" sc="13" el="361" ec="15" bec="0" bev="0" fileid="1" />
                <SequencePoint vc="1" uspid="190" ordinal="2" offset="20" sl="362" sc="13" el="362" ec="39" bec="0" bev="0" fileid="1" />
                <SequencePoint vc="1" uspid="191" ordinal="3" offset="26" sl="363" sc="13" el="363" ec="23" bec="0" bev="0" fileid="1" />
                <SequencePoint vc="1" uspid="192" ordinal="4" offset="28" sl="364" sc="13" el="364" ec="23" bec="0" bev="0" fileid="1" />
                <SequencePoint vc="1" uspid="193" ordinal="5" offset="30" sl="365" sc="13" el="365" ec="29" bec="0" bev="0" fileid="1" />
                <SequencePoint vc="1" uspid="194" ordinal="6" offset="34" sl="367" sc="13" el="367" ec="73" bec="0" bev="0" fileid="1" />
                <SequencePoint vc="1" uspid="195" ordinal="7" offset="50" sl="368" sc="9" el="368" ec="10" bec="0" bev="0" fileid="1" />
              </SequencePoints>
              <BranchPoints />
              <MethodPoint xsi:type="SequencePoint" vc="1" uspid="188" ordinal="0" offset="0" sl="353" sc="9" el="353" ec="10" bec="0" bev="0" fileid="1" />
            </Method>
            <Method visited="true" cyclomaticComplexity="1" nPathComplexity="0" sequenceCoverage="100" branchCoverage="100" crapScore="1" isConstructor="false" isStatic="false" isGetter="false" isSetter="false">
              <Summary numSequencePoints="8" visitedSequencePoints="8" numBranchPoints="1" visitedBranchPoints="1" sequenceCoverage="100" branchCoverage="100" maxCyclomaticComplexity="1" minCyclomaticComplexity="1" maxCrapScore="1" minCrapScore="1" visitedClasses="0" numClasses="0" visitedMethods="1" numMethods="1" />
              <MetadataToken>100663307</MetadataToken>
              <Name>System.Void ce100_hw5_algo_test_cs.UnitTest1::FORD_FULKERSON_test2()</Name>
              <FileRef uid="1" />
              <SequencePoints>
                <SequencePoint vc="1" uspid="196" ordinal="0" offset="0" sl="372" sc="9" el="372" ec="10" bec="0" bev="0" fileid="1" />
                <SequencePoint vc="1" uspid="197" ordinal="1" offset="1" sl="373" sc="13" el="380" ec="15" bec="0" bev="0" fileid="1" />
                <SequencePoint vc="1" uspid="198" ordinal="2" offset="20" sl="381" sc="13" el="381" ec="39" bec="0" bev="0" fileid="1" />
                <SequencePoint vc="1" uspid="199" ordinal="3" offset="26" sl="382" sc="13" el="382" ec="23" bec="0" bev="0" fileid="1" />
                <SequencePoint vc="1" uspid="200" ordinal="4" offset="28" sl="383" sc="13" el="383" ec="23" bec="0" bev="0" fileid="1" />
                <SequencePoint vc="1" uspid="201" ordinal="5" offset="30" sl="384" sc="13" el="384" ec="29" bec="0" bev="0" fileid="1" />
                <SequencePoint vc="1" uspid="202" ordinal="6" offset="34" sl="386" sc="13" el="386" ec="73" bec="0" bev="0" fileid="1" />
                <SequencePoint vc="1" uspid="203" ordinal="7" offset="50" sl="387" sc="9" el="387" ec="10" bec="0" bev="0" fileid="1" />
              </SequencePoints>
              <BranchPoints />
              <MethodPoint xsi:type="SequencePoint" vc="1" uspid="196" ordinal="0" offset="0" sl="372" sc="9" el="372" ec="10" bec="0" bev="0" fileid="1" />
            </Method>
            <Method visited="true" cyclomaticComplexity="1" nPathComplexity="0" sequenceCoverage="100" branchCoverage="100" crapScore="1" isConstructor="false" isStatic="false" isGetter="false" isSetter="false">
              <Summary numSequencePoints="8" visitedSequencePoints="8" numBranchPoints="1" visitedBranchPoints="1" sequenceCoverage="100" branchCoverage="100" maxCyclomaticComplexity="1" minCyclomaticComplexity="1" maxCrapScore="1" minCrapScore="1" visitedClasses="0" numClasses="0" visitedMethods="1" numMethods="1" />
              <MetadataToken>100663308</MetadataToken>
              <Name>System.Void ce100_hw5_algo_test_cs.UnitTest1::FORD_FULKERSON_test3()</Name>
              <FileRef uid="1" />
              <SequencePoints>
                <SequencePoint vc="1" uspid="204" ordinal="0" offset="0" sl="391" sc="9" el="391" ec="10" bec="0" bev="0" fileid="1" />
                <SequencePoint vc="1" uspid="205" ordinal="1" offset="1" sl="392" sc="13" el="399" ec="15" bec="0" bev="0" fileid="1" />
                <SequencePoint vc="1" uspid="206" ordinal="2" offset="20" sl="400" sc="13" el="400" ec="39" bec="0" bev="0" fileid="1" />
                <SequencePoint vc="1" uspid="207" ordinal="3" offset="26" sl="401" sc="13" el="401" ec="23" bec="0" bev="0" fileid="1" />
                <SequencePoint vc="1" uspid="208" ordinal="4" offset="28" sl="402" sc="13" el="402" ec="23" bec="0" bev="0" fileid="1" />
                <SequencePoint vc="1" uspid="209" ordinal="5" offset="30" sl="403" sc="13" el="403" ec="29" bec="0" bev="0" fileid="1" />
                <SequencePoint vc="1" uspid="210" ordinal="6" offset="34" sl="405" sc="13" el="405" ec="73" bec="0" bev="0" fileid="1" />
                <SequencePoint vc="1" uspid="211" ordinal="7" offset="50" sl="406" sc="9" el="406" ec="10" bec="0" bev="0" fileid="1" />
              </SequencePoints>
              <BranchPoints />
              <MethodPoint xsi:type="SequencePoint" vc="1" uspid="204" ordinal="0" offset="0" sl="391" sc="9" el="391" ec="10" bec="0" bev="0" fileid="1" />
            </Method>
            <Method visited="false" cyclomaticComplexity="1" nPathComplexity="0" sequenceCoverage="0" branchCoverage="0" crapScore="2" isConstructor="true" isStatic="false" isGetter="false" isSetter="false">
              <Summary numSequencePoints="0" visitedSequencePoints="0" numBranchPoints="0" visitedBranchPoints="0" sequenceCoverage="0" branchCoverage="0" maxCyclomaticComplexity="1" minCyclomaticComplexity="1" maxCrapScore="2" minCrapScore="2" visitedClasses="0" numClasses="0" visitedMethods="0" numMethods="0" />
              <MetadataToken>100663309</MetadataToken>
              <Name>System.Void ce100_hw5_algo_test_cs.UnitTest1::.ctor()</Name>
              <SequencePoints />
              <BranchPoints />
              <MethodPoint vc="0" uspid="212" ordinal="0" offset="0" />
            </Method>
          </Methods>
        </Class>
      </Classes>
    </Module>
    <Module hash="56-A8-62-98-51-94-83-66-1E-67-91-B2-AD-7A-DE-E4-BD-EA-0C-57">
      <Summary numSequencePoints="242" visitedSequencePoints="242" numBranchPoints="89" visitedBranchPoints="87" sequenceCoverage="100" branchCoverage="97.75" maxCyclomaticComplexity="10" minCyclomaticComplexity="1" maxCrapScore="10" minCrapScore="1" visitedClasses="6" numClasses="6" visitedMethods="15" numMethods="15" />
      <ModulePath>C:\Users\opola\OneDrive\Masaüstü\ce100-hw5-omer-polat\ce100-hw5-sln\ce100-hw5-algo-test-cs\bin\Debug\fine-code-coverage\build-output\ce100-hw5-algo-lib-cs.dll</ModulePath>
      <ModuleTime>2022-05-27T12:55:38.6961627Z</ModuleTime>
      <ModuleName>ce100-hw5-algo-lib-cs</ModuleName>
      <Files>
        <File uid="3" fullPath="C:\Users\opola\OneDrive\Masaüstü\ce100-hw5-omer-polat\ce100-hw5-sln\ce100-hw5-algo-lib-cs\Class1.cs" />
      </Files>
      <Classes>
        <Class>
          <Summary numSequencePoints="0" visitedSequencePoints="0" numBranchPoints="0" visitedBranchPoints="0" sequenceCoverage="0" branchCoverage="0" maxCyclomaticComplexity="1" minCyclomaticComplexity="1" maxCrapScore="2" minCrapScore="2" visitedClasses="0" numClasses="0" visitedMethods="0" numMethods="0" />
          <FullName>ce100_hw5_algo_lib_cs.Class1</FullName>
          <Methods>
            <Method visited="false" cyclomaticComplexity="1" nPathComplexity="0" sequenceCoverage="0" branchCoverage="0" crapScore="2" isConstructor="true" isStatic="false" isGetter="false" isSetter="false">
              <Summary numSequencePoints="0" visitedSequencePoints="0" numBranchPoints="0" visitedBranchPoints="0" sequenceCoverage="0" branchCoverage="0" maxCyclomaticComplexity="1" minCyclomaticComplexity="1" maxCrapScore="2" minCrapScore="2" visitedClasses="0" numClasses="0" visitedMethods="0" numMethods="0" />
              <MetadataToken>100663297</MetadataToken>
              <Name>System.Void ce100_hw5_algo_lib_cs.Class1::.ctor()</Name>
              <SequencePoints />
              <BranchPoints />
              <MethodPoint vc="0" uspid="213" ordinal="0" offset="0" />
            </Method>
          </Methods>
        </Class>
        <Class>
          <Summary numSequencePoints="40" visitedSequencePoints="40" numBranchPoints="16" visitedBranchPoints="16" sequenceCoverage="100" branchCoverage="100" maxCyclomaticComplexity="5" minCyclomaticComplexity="1" maxCrapScore="5" minCrapScore="1" visitedClasses="1" numClasses="1" visitedMethods="4" numMethods="4" />
          <FullName>ce100_hw5_algo_lib_cs.Class1/Graph1</FullName>
          <Methods>
            <Method visited="true" cyclomaticComplexity="2" nPathComplexity="2" sequenceCoverage="100" branchCoverage="100" crapScore="2" isConstructor="true" isStatic="false" isGetter="false" isSetter="false">
              <Summary numSequencePoints="9" visitedSequencePoints="9" numBranchPoints="3" visitedBranchPoints="3" sequenceCoverage="100" branchCoverage="100" maxCyclomaticComplexity="2" minCyclomaticComplexity="2" maxCrapScore="2" minCrapScore="2" visitedClasses="0" numClasses="0" visitedMethods="1" numMethods="1" />
              <MetadataToken>100663298</MetadataToken>
              <Name>System.Void ce100_hw5_algo_lib_cs.Class1/Graph1::.ctor(System.Int32)</Name>
              <FileRef uid="3" />
              <SequencePoints>
                <SequencePoint vc="3" uspid="214" ordinal="0" offset="0" sl="31" sc="13" el="31" ec="33" bec="0" bev="0" fileid="3" />
                <SequencePoint vc="3" uspid="215" ordinal="1" offset="7" sl="32" sc="13" el="32" ec="14" bec="0" bev="0" fileid="3" />
                <SequencePoint vc="3" uspid="216" ordinal="2" offset="8" sl="33" sc="17" el="33" ec="28" bec="0" bev="0" fileid="3" />
                <SequencePoint vc="3" uspid="217" ordinal="3" offset="15" sl="34" sc="17" el="34" ec="46" bec="0" bev="0" fileid="3" />
                <SequencePoint vc="3" uspid="218" ordinal="4" offset="27" sl="36" sc="22" el="36" ec="31" bec="0" bev="0" fileid="3" />
                <SequencePoint vc="12" uspid="219" ordinal="5" offset="31" sl="37" sc="21" el="37" ec="46" bec="0" bev="0" fileid="3" />
                <SequencePoint vc="12" uspid="220" ordinal="6" offset="48" sl="36" sc="40" el="36" ec="43" bec="0" bev="0" fileid="3" />
                <SequencePoint vc="15" uspid="221" ordinal="7" offset="52" sl="36" sc="33" el="36" ec="38" bec="2" bev="2" fileid="3" />
                <SequencePoint vc="3" uspid="222" ordinal="8" offset="60" sl="38" sc="13" el="38" ec="14" bec="0" bev="0" fileid="3" />
              </SequencePoints>
              <BranchPoints>
                <BranchPoint vc="3" uspid="223" ordinal="0" offset="58" sl="36" path="0" offsetend="60" fileid="3" />
                <BranchPoint vc="12" uspid="224" ordinal="1" offset="58" sl="36" path="1" offsetend="31" fileid="3" />
              </BranchPoints>
              <MethodPoint xsi:type="SequencePoint" vc="3" uspid="214" ordinal="0" offset="0" sl="31" sc="13" el="31" ec="33" bec="0" bev="0" fileid="3" />
            </Method>
            <Method visited="true" cyclomaticComplexity="5" nPathComplexity="8" sequenceCoverage="100" branchCoverage="100" crapScore="5" isConstructor="false" isStatic="false" isGetter="false" isSetter="false">
              <Summary numSequencePoints="17" visitedSequencePoints="17" numBranchPoints="7" visitedBranchPoints="7" sequenceCoverage="100" branchCoverage="100" maxCyclomaticComplexity="5" minCyclomaticComplexity="5" maxCrapScore="5" minCrapScore="5" visitedClasses="0" numClasses="0" visitedMethods="1" numMethods="1" />
              <MetadataToken>100663299</MetadataToken>
              <Name>System.Boolean ce100_hw5_algo_lib_cs.Class1/Graph1::isCyclicUtil(System.Int32,System.Boolean[],System.Boolean[])</Name>
              <FileRef uid="3" />
              <SequencePoints>
                <SequencePoint vc="14" uspid="225" ordinal="0" offset="0" sl="43" sc="13" el="43" ec="14" bec="0" bev="0" fileid="3" />
                <SequencePoint vc="14" uspid="226" ordinal="1" offset="1" sl="44" sc="17" el="44" ec="33" bec="2" bev="2" fileid="3" />
                <SequencePoint vc="2" uspid="227" ordinal="2" offset="8" sl="45" sc="21" el="45" ec="33" bec="0" bev="0" fileid="3" />
                <SequencePoint vc="12" uspid="228" ordinal="3" offset="12" sl="47" sc="17" el="47" ec="32" bec="2" bev="2" fileid="3" />
                <SequencePoint vc="4" uspid="229" ordinal="4" offset="19" sl="48" sc="21" el="48" ec="34" bec="0" bev="0" fileid="3" />
                <SequencePoint vc="8" uspid="230" ordinal="5" offset="23" sl="50" sc="17" el="50" ec="35" bec="0" bev="0" fileid="3" />
                <SequencePoint vc="8" uspid="231" ordinal="6" offset="27" sl="52" sc="17" el="52" ec="36" bec="0" bev="0" fileid="3" />
                <SequencePoint vc="8" uspid="232" ordinal="7" offset="31" sl="53" sc="17" el="53" ec="45" bec="0" bev="0" fileid="3" />
                <SequencePoint vc="8" uspid="233" ordinal="8" offset="44" sl="55" sc="17" el="55" ec="24" bec="0" bev="0" fileid="3" />
                <SequencePoint vc="8" uspid="234" ordinal="9" offset="45" sl="55" sc="35" el="55" ec="43" bec="0" bev="0" fileid="3" />
                <SequencePoint vc="7" uspid="235" ordinal="10" offset="55" sl="55" sc="26" el="55" ec="31" bec="0" bev="0" fileid="3" />
                <SequencePoint vc="7" uspid="236" ordinal="11" offset="64" sl="56" sc="21" el="56" ec="60" bec="2" bev="2" fileid="3" />
                <SequencePoint vc="3" uspid="237" ordinal="12" offset="80" sl="57" sc="25" el="57" ec="37" bec="0" bev="0" fileid="3" />
                <SequencePoint vc="12" uspid="238" ordinal="13" offset="84" sl="55" sc="32" el="55" ec="34" bec="0" bev="0" fileid="3" />
                <SequencePoint vc="5" uspid="239" ordinal="14" offset="110" sl="59" sc="17" el="59" ec="37" bec="0" bev="0" fileid="3" />
                <SequencePoint vc="5" uspid="240" ordinal="15" offset="114" sl="61" sc="17" el="61" ec="30" bec="0" bev="0" fileid="3" />
                <SequencePoint vc="14" uspid="241" ordinal="16" offset="118" sl="62" sc="13" el="62" ec="14" bec="0" bev="0" fileid="3" />
              </SequencePoints>
              <BranchPoints>
                <BranchPoint vc="2" uspid="242" ordinal="0" offset="6" sl="44" path="0" offsetend="8" fileid="3" />
                <BranchPoint vc="12" uspid="243" ordinal="1" offset="6" sl="44" path="1" offsetend="12" fileid="3" />
                <BranchPoint vc="4" uspid="244" ordinal="2" offset="17" sl="47" path="0" offsetend="19" fileid="3" />
                <BranchPoint vc="8" uspid="245" ordinal="3" offset="17" sl="47" path="1" offsetend="23" fileid="3" />
                <BranchPoint vc="3" uspid="246" ordinal="4" offset="78" sl="56" path="0" offsetend="80" fileid="3" />
                <BranchPoint vc="4" uspid="247" ordinal="5" offset="78" sl="56" path="1" offsetend="84" fileid="3" />
              </BranchPoints>
              <MethodPoint xsi:type="SequencePoint" vc="14" uspid="225" ordinal="0" offset="0" sl="43" sc="13" el="43" ec="14" bec="0" bev="0" fileid="3" />
            </Method>
            <Method visited="true" cyclomaticComplexity="1" nPathComplexity="0" sequenceCoverage="100" branchCoverage="100" crapScore="1" isConstructor="false" isStatic="false" isGetter="false" isSetter="false">
              <Summary numSequencePoints="3" visitedSequencePoints="3" numBranchPoints="1" visitedBranchPoints="1" sequenceCoverage="100" branchCoverage="100" maxCyclomaticComplexity="1" minCyclomaticComplexity="1" maxCrapScore="1" minCrapScore="1" visitedClasses="0" numClasses="0" visitedMethods="1" numMethods="1" />
              <MetadataToken>100663300</MetadataToken>
              <Name>System.Void ce100_hw5_algo_lib_cs.Class1/Graph1::addEdge(System.Int32,System.Int32)</Name>
              <FileRef uid="3" />
              <SequencePoints>
                <SequencePoint vc="13" uspid="250" ordinal="0" offset="0" sl="66" sc="13" el="66" ec="14" bec="0" bev="0" fileid="3" />
                <SequencePoint vc="13" uspid="251" ordinal="1" offset="1" sl="67" sc="17" el="67" ec="36" bec="0" bev="0" fileid="3" />
                <SequencePoint vc="13" uspid="252" ordinal="2" offset="20" sl="68" sc="13" el="68" ec="14" bec="0" bev="0" fileid="3" />
              </SequencePoints>
              <BranchPoints />
              <MethodPoint xsi:type="SequencePoint" vc="13" uspid="250" ordinal="0" offset="0" sl="66" sc="13" el="66" ec="14" bec="0" bev="0" fileid="3" />
            </Method>
            <Method visited="true" cyclomaticComplexity="3" nPathComplexity="4" sequenceCoverage="100" branchCoverage="100" crapScore="3" isConstructor="false" isStatic="false" isGetter="false" isSetter="false">
              <Summary numSequencePoints="11" visitedSequencePoints="11" numBranchPoints="5" visitedBranchPoints="5" sequenceCoverage="100" branchCoverage="100" maxCyclomaticComplexity="3" minCyclomaticComplexity="3" maxCrapScore="3" minCrapScore="3" visitedClasses="0" numClasses="0" visitedMethods="1" numMethods="1" />
              <MetadataToken>100663301</MetadataToken>
              <Name>System.Boolean ce100_hw5_algo_lib_cs.Class1/Graph1::isCyclic()</Name>
              <FileRef uid="3" />
              <SequencePoints>
                <SequencePoint vc="3" uspid="253" ordinal="0" offset="0" sl="73" sc="13" el="73" ec="14" bec="0" bev="0" fileid="3" />
                <SequencePoint vc="3" uspid="254" ordinal="1" offset="1" sl="74" sc="17" el="74" ec="46" bec="0" bev="0" fileid="3" />
                <SequencePoint vc="3" uspid="255" ordinal="2" offset="13" sl="75" sc="17" el="75" ec="47" bec="0" bev="0" fileid="3" />
                <SequencePoint vc="3" uspid="256" ordinal="3" offset="25" sl="77" sc="22" el="77" ec="31" bec="0" bev="0" fileid="3" />
                <SequencePoint vc="7" uspid="257" ordinal="4" offset="29" sl="79" sc="21" el="79" ec="60" bec="2" bev="2" fileid="3" />
                <SequencePoint vc="2" uspid="258" ordinal="5" offset="42" sl="80" sc="21" el="80" ec="22" bec="0" bev="0" fileid="3" />
                <SequencePoint vc="2" uspid="259" ordinal="6" offset="43" sl="81" sc="25" el="81" ec="37" bec="0" bev="0" fileid="3" />
                <SequencePoint vc="5" uspid="260" ordinal="7" offset="48" sl="77" sc="40" el="77" ec="43" bec="0" bev="0" fileid="3" />
                <SequencePoint vc="8" uspid="261" ordinal="8" offset="52" sl="77" sc="33" el="77" ec="38" bec="2" bev="2" fileid="3" />
                <SequencePoint vc="1" uspid="262" ordinal="9" offset="67" sl="84" sc="17" el="84" ec="30" bec="0" bev="0" fileid="3" />
                <SequencePoint vc="3" uspid="263" ordinal="10" offset="72" sl="85" sc="13" el="85" ec="14" bec="0" bev="0" fileid="3" />
              </SequencePoints>
              <BranchPoints>
                <BranchPoint vc="2" uspid="264" ordinal="0" offset="40" sl="79" path="0" offsetend="42" fileid="3" />
                <BranchPoint vc="5" uspid="265" ordinal="1" offset="40" sl="79" path="1" offsetend="48" fileid="3" />
                <BranchPoint vc="1" uspid="266" ordinal="2" offset="65" sl="77" path="0" offsetend="67" fileid="3" />
                <BranchPoint vc="7" uspid="267" ordinal="3" offset="65" sl="77" path="1" offsetend="29" fileid="3" />
              </BranchPoints>
              <MethodPoint xsi:type="SequencePoint" vc="3" uspid="253" ordinal="0" offset="0" sl="73" sc="13" el="73" ec="14" bec="0" bev="0" fileid="3" />
            </Method>
          </Methods>
        </Class>
        <Class>
          <Summary numSequencePoints="71" visitedSequencePoints="71" numBranchPoints="24" visitedBranchPoints="24" sequenceCoverage="100" branchCoverage="100" maxCyclomaticComplexity="7" minCyclomaticComplexity="2" maxCrapScore="7" minCrapScore="2" visitedClasses="1" numClasses="1" visitedMethods="4" numMethods="4" />
          <FullName>ce100_hw5_algo_lib_cs.Class1/Graph2</FullName>
          <Methods>
            <Method visited="true" cyclomaticComplexity="2" nPathComplexity="2" sequenceCoverage="100" branchCoverage="100" crapScore="2" isConstructor="true" isStatic="false" isGetter="false" isSetter="false">
              <Summary numSequencePoints="10" visitedSequencePoints="10" numBranchPoints="3" visitedBranchPoints="3" sequenceCoverage="100" branchCoverage="100" maxCyclomaticComplexity="2" minCyclomaticComplexity="2" maxCrapScore="2" minCrapScore="2" visitedClasses="0" numClasses="0" visitedMethods="1" numMethods="1" />
              <MetadataToken>100663302</MetadataToken>
              <Name>System.Void ce100_hw5_algo_lib_cs.Class1/Graph2::.ctor(System.Int32,System.Int32)</Name>
              <FileRef uid="3" />
              <SequencePoints>
                <SequencePoint vc="3" uspid="268" ordinal="0" offset="0" sl="131" sc="13" el="131" ec="40" bec="0" bev="0" fileid="3" />
                <SequencePoint vc="3" uspid="269" ordinal="1" offset="7" sl="132" sc="13" el="132" ec="14" bec="0" bev="0" fileid="3" />
                <SequencePoint vc="3" uspid="270" ordinal="2" offset="8" sl="133" sc="17" el="133" ec="23" bec="0" bev="0" fileid="3" />
                <SequencePoint vc="3" uspid="271" ordinal="3" offset="15" sl="134" sc="17" el="134" ec="23" bec="0" bev="0" fileid="3" />
                <SequencePoint vc="3" uspid="272" ordinal="4" offset="22" sl="135" sc="17" el="135" ec="36" bec="0" bev="0" fileid="3" />
                <SequencePoint vc="3" uspid="273" ordinal="5" offset="39" sl="136" sc="22" el="136" ec="31" bec="0" bev="0" fileid="3" />
                <SequencePoint vc="19" uspid="274" ordinal="6" offset="43" sl="137" sc="21" el="137" ec="42" bec="0" bev="0" fileid="3" />
                <SequencePoint vc="19" uspid="275" ordinal="7" offset="56" sl="136" sc="40" el="136" ec="43" bec="0" bev="0" fileid="3" />
                <SequencePoint vc="22" uspid="276" ordinal="8" offset="60" sl="136" sc="33" el="136" ec="38" bec="2" bev="2" fileid="3" />
                <SequencePoint vc="3" uspid="277" ordinal="9" offset="68" sl="138" sc="13" el="138" ec="14" bec="0" bev="0" fileid="3" />
              </SequencePoints>
              <BranchPoints>
                <BranchPoint vc="3" uspid="278" ordinal="0" offset="66" sl="136" path="0" offsetend="68" fileid="3" />
                <BranchPoint vc="19" uspid="279" ordinal="1" offset="66" sl="136" path="1" offsetend="43" fileid="3" />
              </BranchPoints>
              <MethodPoint xsi:type="SequencePoint" vc="3" uspid="268" ordinal="0" offset="0" sl="131" sc="13" el="131" ec="40" bec="0" bev="0" fileid="3" />
            </Method>
            <Method visited="true" cyclomaticComplexity="2" nPathComplexity="2" sequenceCoverage="100" branchCoverage="100" crapScore="2" isConstructor="false" isStatic="false" isGetter="false" isSetter="false">
              <Summary numSequencePoints="5" visitedSequencePoints="5" numBranchPoints="3" visitedBranchPoints="3" sequenceCoverage="100" branchCoverage="100" maxCyclomaticComplexity="2" minCyclomaticComplexity="2" maxCrapScore="2" minCrapScore="2" visitedClasses="0" numClasses="0" visitedMethods="1" numMethods="1" />
              <MetadataToken>100663303</MetadataToken>
              <Name>System.Int32 ce100_hw5_algo_lib_cs.Class1/Graph2::find(ce100_hw5_algo_lib_cs.Class1/Graph2/subset[],System.Int32)</Name>
              <FileRef uid="3" />
              <SequencePoints>
                <SequencePoint vc="62" uspid="280" ordinal="0" offset="0" sl="141" sc="13" el="141" ec="14" bec="0" bev="0" fileid="3" />
                <SequencePoint vc="62" uspid="281" ordinal="1" offset="1" sl="142" sc="17" el="142" ec="43" bec="2" bev="2" fileid="3" />
                <SequencePoint vc="10" uspid="282" ordinal="2" offset="19" sl="143" sc="21" el="144" ec="58" bec="0" bev="0" fileid="3" />
                <SequencePoint vc="62" uspid="283" ordinal="3" offset="42" sl="146" sc="17" el="146" ec="41" bec="0" bev="0" fileid="3" />
                <SequencePoint vc="62" uspid="284" ordinal="4" offset="53" sl="147" sc="13" el="147" ec="14" bec="0" bev="0" fileid="3" />
              </SequencePoints>
              <BranchPoints>
                <BranchPoint vc="10" uspid="285" ordinal="0" offset="17" sl="142" path="0" offsetend="19" fileid="3" />
                <BranchPoint vc="52" uspid="286" ordinal="1" offset="17" sl="142" path="1" offsetend="42" fileid="3" />
              </BranchPoints>
              <MethodPoint xsi:type="SequencePoint" vc="62" uspid="280" ordinal="0" offset="0" sl="141" sc="13" el="141" ec="14" bec="0" bev="0" fileid="3" />
            </Method>
            <Method visited="true" cyclomaticComplexity="3" nPathComplexity="4" sequenceCoverage="100" branchCoverage="100" crapScore="3" isConstructor="false" isStatic="false" isGetter="false" isSetter="false">
              <Summary numSequencePoints="12" visitedSequencePoints="12" numBranchPoints="5" visitedBranchPoints="5" sequenceCoverage="100" branchCoverage="100" maxCyclomaticComplexity="3" minCyclomaticComplexity="3" maxCrapScore="3" minCrapScore="3" visitedClasses="0" numClasses="0" visitedMethods="1" numMethods="1" />
              <MetadataToken>100663304</MetadataToken>
              <Name>System.Void ce100_hw5_algo_lib_cs.Class1/Graph2::Union(ce100_hw5_algo_lib_cs.Class1/Graph2/subset[],System.Int32,System.Int32)</Name>
              <FileRef uid="3" />
              <SequencePoints>
                <SequencePoint vc="12" uspid="287" ordinal="0" offset="0" sl="150" sc="13" el="150" ec="14" bec="0" bev="0" fileid="3" />
                <SequencePoint vc="12" uspid="288" ordinal="1" offset="1" sl="151" sc="17" el="151" ec="45" bec="0" bev="0" fileid="3" />
                <SequencePoint vc="12" uspid="289" ordinal="2" offset="10" sl="152" sc="17" el="152" ec="45" bec="0" bev="0" fileid="3" />
                <SequencePoint vc="12" uspid="290" ordinal="3" offset="19" sl="155" sc="17" el="155" ec="61" bec="2" bev="2" fileid="3" />
                <SequencePoint vc="4" uspid="291" ordinal="4" offset="41" sl="156" sc="21" el="156" ec="50" bec="0" bev="0" fileid="3" />
                <SequencePoint vc="8" uspid="292" ordinal="5" offset="52" sl="157" sc="22" el="157" ec="66" bec="2" bev="2" fileid="3" />
                <SequencePoint vc="2" uspid="293" ordinal="6" offset="74" sl="158" sc="21" el="158" ec="50" bec="0" bev="0" fileid="3" />
                <SequencePoint vc="6" uspid="294" ordinal="7" offset="85" sl="161" sc="17" el="161" ec="18" bec="0" bev="0" fileid="3" />
                <SequencePoint vc="6" uspid="295" ordinal="8" offset="86" sl="162" sc="21" el="162" ec="50" bec="0" bev="0" fileid="3" />
                <SequencePoint vc="6" uspid="296" ordinal="9" offset="95" sl="163" sc="21" el="163" ec="42" bec="0" bev="0" fileid="3" />
                <SequencePoint vc="6" uspid="297" ordinal="10" offset="111" sl="164" sc="17" el="164" ec="18" bec="0" bev="0" fileid="3" />
                <SequencePoint vc="12" uspid="298" ordinal="11" offset="112" sl="165" sc="13" el="165" ec="14" bec="0" bev="0" fileid="3" />
              </SequencePoints>
              <BranchPoints>
                <BranchPoint vc="4" uspid="299" ordinal="0" offset="39" sl="155" path="0" offsetend="41" fileid="3" />
                <BranchPoint vc="8" uspid="300" ordinal="1" offset="39" sl="155" path="1" offsetend="52" fileid="3" />
                <BranchPoint vc="2" uspid="301" ordinal="2" offset="72" sl="157" path="0" offsetend="74" fileid="3" />
                <BranchPoint vc="6" uspid="302" ordinal="3" offset="72" sl="157" path="1" offsetend="85" fileid="3" />
              </BranchPoints>
              <MethodPoint xsi:type="SequencePoint" vc="12" uspid="287" ordinal="0" offset="0" sl="150" sc="13" el="150" ec="14" bec="0" bev="0" fileid="3" />
            </Method>
            <Method visited="true" cyclomaticComplexity="7" nPathComplexity="64" sequenceCoverage="100" branchCoverage="100" crapScore="7" isConstructor="false" isStatic="false" isGetter="false" isSetter="false">
              <Summary numSequencePoints="44" visitedSequencePoints="44" numBranchPoints="13" visitedBranchPoints="13" sequenceCoverage="100" branchCoverage="100" maxCyclomaticComplexity="7" minCyclomaticComplexity="7" maxCrapScore="7" minCrapScore="7" visitedClasses="0" numClasses="0" visitedMethods="1" numMethods="1" />
              <MetadataToken>100663305</MetadataToken>
              <Name>System.String ce100_hw5_algo_lib_cs.Class1/Graph2::KruskalMST()</Name>
              <FileRef uid="3" />
              <SequencePoints>
                <SequencePoint vc="3" uspid="303" ordinal="0" offset="0" sl="168" sc="13" el="168" ec="14" bec="0" bev="0" fileid="3" />
                <SequencePoint vc="3" uspid="304" ordinal="1" offset="1" sl="169" sc="17" el="169" ec="39" bec="0" bev="0" fileid="3" />
                <SequencePoint vc="3" uspid="305" ordinal="2" offset="7" sl="170" sc="17" el="170" ec="45" bec="0" bev="0" fileid="3" />
                <SequencePoint vc="3" uspid="306" ordinal="3" offset="19" sl="171" sc="17" el="171" ec="27" bec="0" bev="0" fileid="3" />
                <SequencePoint vc="3" uspid="307" ordinal="4" offset="21" sl="172" sc="17" el="173" ec="25" bec="0" bev="0" fileid="3" />
                <SequencePoint vc="3" uspid="308" ordinal="5" offset="23" sl="174" sc="22" el="174" ec="27" bec="0" bev="0" fileid="3" />
                <SequencePoint vc="15" uspid="309" ordinal="6" offset="27" sl="175" sc="21" el="175" ec="44" bec="0" bev="0" fileid="3" />
                <SequencePoint vc="15" uspid="310" ordinal="7" offset="35" sl="174" sc="36" el="174" ec="39" bec="0" bev="0" fileid="3" />
                <SequencePoint vc="18" uspid="311" ordinal="8" offset="39" sl="174" sc="29" el="174" ec="34" bec="2" bev="2" fileid="3" />
                <SequencePoint vc="3" uspid="312" ordinal="9" offset="54" sl="177" sc="17" el="177" ec="34" bec="0" bev="0" fileid="3" />
                <SequencePoint vc="3" uspid="313" ordinal="10" offset="66" sl="179" sc="17" el="179" ec="50" bec="0" bev="0" fileid="3" />
                <SequencePoint vc="3" uspid="314" ordinal="11" offset="79" sl="180" sc="22" el="180" ec="27" bec="0" bev="0" fileid="3" />
                <SequencePoint vc="15" uspid="315" ordinal="12" offset="83" sl="181" sc="21" el="181" ec="47" bec="0" bev="0" fileid="3" />
                <SequencePoint vc="15" uspid="316" ordinal="13" offset="92" sl="180" sc="36" el="180" ec="39" bec="0" bev="0" fileid="3" />
                <SequencePoint vc="18" uspid="317" ordinal="14" offset="96" sl="180" sc="29" el="180" ec="34" bec="2" bev="2" fileid="3" />
                <SequencePoint vc="3" uspid="318" ordinal="15" offset="111" sl="183" sc="22" el="183" ec="31" bec="0" bev="0" fileid="3" />
                <SequencePoint vc="15" uspid="319" ordinal="16" offset="116" sl="184" sc="17" el="184" ec="18" bec="0" bev="0" fileid="3" />
                <SequencePoint vc="15" uspid="320" ordinal="17" offset="117" sl="185" sc="21" el="185" ec="43" bec="0" bev="0" fileid="3" />
                <SequencePoint vc="15" uspid="321" ordinal="18" offset="129" sl="186" sc="21" el="186" ec="41" bec="0" bev="0" fileid="3" />
                <SequencePoint vc="15" uspid="322" ordinal="19" offset="140" sl="187" sc="17" el="187" ec="18" bec="0" bev="0" fileid="3" />
                <SequencePoint vc="15" uspid="323" ordinal="20" offset="141" sl="183" sc="40" el="183" ec="43" bec="0" bev="0" fileid="3" />
                <SequencePoint vc="18" uspid="324" ordinal="21" offset="147" sl="183" sc="33" el="183" ec="38" bec="2" bev="2" fileid="3" />
                <SequencePoint vc="3" uspid="325" ordinal="22" offset="163" sl="189" sc="17" el="189" ec="23" bec="0" bev="0" fileid="3" />
                <SequencePoint vc="14" uspid="326" ordinal="23" offset="167" sl="192" sc="17" el="192" ec="18" bec="0" bev="0" fileid="3" />
                <SequencePoint vc="14" uspid="327" ordinal="24" offset="168" sl="193" sc="21" el="193" ec="49" bec="0" bev="0" fileid="3" />
                <SequencePoint vc="14" uspid="328" ordinal="25" offset="175" sl="194" sc="21" el="194" ec="43" bec="0" bev="0" fileid="3" />
                <SequencePoint vc="14" uspid="329" ordinal="26" offset="189" sl="196" sc="21" el="196" ec="56" bec="0" bev="0" fileid="3" />
                <SequencePoint vc="14" uspid="330" ordinal="27" offset="206" sl="197" sc="21" el="197" ec="56" bec="0" bev="0" fileid="3" />
                <SequencePoint vc="14" uspid="331" ordinal="28" offset="223" sl="200" sc="21" el="200" ec="32" bec="2" bev="2" fileid="3" />
                <SequencePoint vc="12" uspid="332" ordinal="29" offset="238" sl="201" sc="21" el="201" ec="22" bec="0" bev="0" fileid="3" />
                <SequencePoint vc="12" uspid="333" ordinal="30" offset="239" sl="202" sc="25" el="202" ec="49" bec="0" bev="0" fileid="3" />
                <SequencePoint vc="12" uspid="334" ordinal="31" offset="248" sl="203" sc="25" el="203" ec="46" bec="0" bev="0" fileid="3" />
                <SequencePoint vc="12" uspid="335" ordinal="32" offset="261" sl="204" sc="21" el="204" ec="22" bec="0" bev="0" fileid="3" />
                <SequencePoint vc="14" uspid="336" ordinal="33" offset="262" sl="205" sc="17" el="205" ec="18" bec="0" bev="0" fileid="3" />
                <SequencePoint vc="17" uspid="337" ordinal="34" offset="263" sl="191" sc="17" el="191" ec="34" bec="2" bev="2" fileid="3" />
                <SequencePoint vc="3" uspid="338" ordinal="35" offset="280" sl="207" sc="17" el="207" ec="69" bec="0" bev="0" fileid="3" />
                <SequencePoint vc="3" uspid="339" ordinal="36" offset="286" sl="209" sc="22" el="209" ec="27" bec="0" bev="0" fileid="3" />
                <SequencePoint vc="12" uspid="340" ordinal="37" offset="290" sl="210" sc="17" el="210" ec="18" bec="0" bev="0" fileid="3" />
                <SequencePoint vc="12" uspid="341" ordinal="38" offset="291" sl="211" sc="21" el="213" ec="63" bec="0" bev="0" fileid="3" />
                <SequencePoint vc="12" uspid="342" ordinal="39" offset="387" sl="215" sc="17" el="215" ec="18" bec="0" bev="0" fileid="3" />
                <SequencePoint vc="12" uspid="343" ordinal="40" offset="388" sl="209" sc="36" el="209" ec="39" bec="0" bev="0" fileid="3" />
                <SequencePoint vc="15" uspid="344" ordinal="41" offset="392" sl="209" sc="29" el="209" ec="34" bec="2" bev="2" fileid="3" />
                <SequencePoint vc="3" uspid="345" ordinal="42" offset="402" sl="216" sc="17" el="216" ec="34" bec="0" bev="0" fileid="3" />
                <SequencePoint vc="3" uspid="346" ordinal="43" offset="407" sl="218" sc="13" el="218" ec="14" bec="0" bev="0" fileid="3" />
              </SequencePoints>
              <BranchPoints>
                <BranchPoint vc="3" uspid="347" ordinal="0" offset="52" sl="174" path="0" offsetend="54" fileid="3" />
                <BranchPoint vc="15" uspid="348" ordinal="1" offset="52" sl="174" path="1" offsetend="27" fileid="3" />
                <BranchPoint vc="3" uspid="349" ordinal="2" offset="109" sl="180" path="0" offsetend="111" fileid="3" />
                <BranchPoint vc="15" uspid="350" ordinal="3" offset="109" sl="180" path="1" offsetend="83" fileid="3" />
                <BranchPoint vc="3" uspid="351" ordinal="4" offset="161" sl="183" path="0" offsetend="163" fileid="3" />
                <BranchPoint vc="15" uspid="352" ordinal="5" offset="161" sl="183" path="1" offsetend="116" fileid="3" />
                <BranchPoint vc="12" uspid="353" ordinal="6" offset="236" sl="200" path="0" offsetend="238" fileid="3" />
                <BranchPoint vc="2" uspid="354" ordinal="7" offset="236" sl="200" path="1" offsetend="262" fileid="3" />
                <BranchPoint vc="3" uspid="355" ordinal="8" offset="278" sl="191" path="0" offsetend="280" fileid="3" />
                <BranchPoint vc="14" uspid="356" ordinal="9" offset="278" sl="191" path="1" offsetend="167" fileid="3" />
                <BranchPoint vc="3" uspid="357" ordinal="10" offset="400" sl="209" path="0" offsetend="402" fileid="3" />
                <BranchPoint vc="12" uspid="358" ordinal="11" offset="400" sl="209" path="1" offsetend="290" fileid="3" />
              </BranchPoints>
              <MethodPoint xsi:type="SequencePoint" vc="3" uspid="303" ordinal="0" offset="0" sl="168" sc="13" el="168" ec="14" bec="0" bev="0" fileid="3" />
            </Method>
          </Methods>
        </Class>
        <Class>
          <Summary numSequencePoints="3" visitedSequencePoints="3" numBranchPoints="1" visitedBranchPoints="1" sequenceCoverage="100" branchCoverage="100" maxCyclomaticComplexity="1" minCyclomaticComplexity="1" maxCrapScore="2" minCrapScore="1" visitedClasses="1" numClasses="1" visitedMethods="1" numMethods="1" />
          <FullName>ce100_hw5_algo_lib_cs.Class1/Graph2/Edge</FullName>
          <Methods>
            <Method visited="true" cyclomaticComplexity="1" nPathComplexity="0" sequenceCoverage="100" branchCoverage="100" crapScore="1" isConstructor="false" isStatic="false" isGetter="false" isSetter="false">
              <Summary numSequencePoints="3" visitedSequencePoints="3" numBranchPoints="1" visitedBranchPoints="1" sequenceCoverage="100" branchCoverage="100" maxCyclomaticComplexity="1" minCyclomaticComplexity="1" maxCrapScore="1" minCrapScore="1" visitedClasses="0" numClasses="0" visitedMethods="1" numMethods="1" />
              <MetadataToken>100663308</MetadataToken>
              <Name>System.Int32 ce100_hw5_algo_lib_cs.Class1/Graph2/Edge::CompareTo(ce100_hw5_algo_lib_cs.Class1/Graph2/Edge)</Name>
              <FileRef uid="3" />
              <SequencePoints>
                <SequencePoint vc="42" uspid="359" ordinal="0" offset="0" sl="117" sc="17" el="117" ec="18" bec="0" bev="0" fileid="3" />
                <SequencePoint vc="42" uspid="360" ordinal="1" offset="1" sl="118" sc="21" el="119" ec="44" bec="0" bev="0" fileid="3" />
                <SequencePoint vc="42" uspid="361" ordinal="2" offset="17" sl="120" sc="17" el="120" ec="18" bec="0" bev="0" fileid="3" />
              </SequencePoints>
              <BranchPoints />
              <MethodPoint xsi:type="SequencePoint" vc="42" uspid="359" ordinal="0" offset="0" sl="117" sc="17" el="117" ec="18" bec="0" bev="0" fileid="3" />
            </Method>
            <Method visited="false" cyclomaticComplexity="1" nPathComplexity="0" sequenceCoverage="0" branchCoverage="0" crapScore="2" isConstructor="true" isStatic="false" isGetter="false" isSetter="false">
              <Summary numSequencePoints="0" visitedSequencePoints="0" numBranchPoints="0" visitedBranchPoints="0" sequenceCoverage="0" branchCoverage="0" maxCyclomaticComplexity="1" minCyclomaticComplexity="1" maxCrapScore="2" minCrapScore="2" visitedClasses="0" numClasses="0" visitedMethods="0" numMethods="0" />
              <MetadataToken>100663309</MetadataToken>
              <Name>System.Void ce100_hw5_algo_lib_cs.Class1/Graph2/Edge::.ctor()</Name>
              <SequencePoints />
              <BranchPoints />
              <MethodPoint vc="0" uspid="362" ordinal="0" offset="0" />
            </Method>
          </Methods>
        </Class>
        <Class>
          <Summary numSequencePoints="0" visitedSequencePoints="0" numBranchPoints="0" visitedBranchPoints="0" sequenceCoverage="0" branchCoverage="0" maxCyclomaticComplexity="1" minCyclomaticComplexity="1" maxCrapScore="2" minCrapScore="2" visitedClasses="0" numClasses="0" visitedMethods="0" numMethods="0" />
          <FullName>ce100_hw5_algo_lib_cs.Class1/Graph2/subset</FullName>
          <Methods>
            <Method visited="false" cyclomaticComplexity="1" nPathComplexity="0" sequenceCoverage="0" branchCoverage="0" crapScore="2" isConstructor="true" isStatic="false" isGetter="false" isSetter="false">
              <Summary numSequencePoints="0" visitedSequencePoints="0" numBranchPoints="0" visitedBranchPoints="0" sequenceCoverage="0" branchCoverage="0" maxCyclomaticComplexity="1" minCyclomaticComplexity="1" maxCrapScore="2" minCrapScore="2" visitedClasses="0" numClasses="0" visitedMethods="0" numMethods="0" />
              <MetadataToken>100663310</MetadataToken>
              <Name>System.Void ce100_hw5_algo_lib_cs.Class1/Graph2/subset::.ctor()</Name>
              <SequencePoints />
              <BranchPoints />
              <MethodPoint vc="0" uspid="363" ordinal="0" offset="0" />
            </Method>
          </Methods>
        </Class>
        <Class>
          <Summary numSequencePoints="58" visitedSequencePoints="58" numBranchPoints="22" visitedBranchPoints="20" sequenceCoverage="100" branchCoverage="90.91" maxCyclomaticComplexity="10" minCyclomaticComplexity="2" maxCrapScore="10" minCrapScore="2" visitedClasses="1" numClasses="1" visitedMethods="2" numMethods="2" />
          <FullName>ce100_hw5_algo_lib_cs.Class1/Graph3</FullName>
          <Methods>
            <Method visited="true" cyclomaticComplexity="2" nPathComplexity="2" sequenceCoverage="100" branchCoverage="100" crapScore="2" isConstructor="true" isStatic="false" isGetter="false" isSetter="false">
              <Summary numSequencePoints="10" visitedSequencePoints="10" numBranchPoints="3" visitedBranchPoints="3" sequenceCoverage="100" branchCoverage="100" maxCyclomaticComplexity="2" minCyclomaticComplexity="2" maxCrapScore="2" minCrapScore="2" visitedClasses="0" numClasses="0" visitedMethods="1" numMethods="1" />
              <MetadataToken>100663306</MetadataToken>
              <Name>System.Void ce100_hw5_algo_lib_cs.Class1/Graph3::.ctor(System.Int32,System.Int32)</Name>
              <FileRef uid="3" />
              <SequencePoints>
                <SequencePoint vc="3" uspid="364" ordinal="0" offset="0" sl="254" sc="13" el="254" ec="40" bec="0" bev="0" fileid="3" />
                <SequencePoint vc="3" uspid="365" ordinal="1" offset="7" sl="255" sc="13" el="255" ec="14" bec="0" bev="0" fileid="3" />
                <SequencePoint vc="3" uspid="366" ordinal="2" offset="8" sl="256" sc="17" el="256" ec="23" bec="0" bev="0" fileid="3" />
                <SequencePoint vc="3" uspid="367" ordinal="3" offset="15" sl="257" sc="17" el="257" ec="23" bec="0" bev="0" fileid="3" />
[...]
                <BranchPoint vc="3" uspid="432" ordinal="8" offset="203" sl="277" path="0" offsetend="208" fileid="3" />
                <BranchPoint vc="12" uspid="433" ordinal="9" offset="203" sl="277" path="1" offsetend="70" fileid="3" />
                <BranchPoint vc="21" uspid="434" ordinal="10" offset="271" sl="294" path="0" offsetend="273" fileid="3" />
                <BranchPoint vc="0" uspid="435" ordinal="11" offset="271" sl="294" path="1" offsetend="288" fileid="3" />
                <BranchPoint vc="6" uspid="436" ordinal="12" offset="293" sl="294" path="0" offsetend="295" fileid="3" />
                <BranchPoint vc="15" uspid="437" ordinal="13" offset="293" sl="294" path="1" offsetend="308" fileid="3" />
                <BranchPoint vc="3" uspid="438" ordinal="14" offset="324" sl="289" path="0" offsetend="326" fileid="3" />
                <BranchPoint vc="21" uspid="439" ordinal="15" offset="324" sl="289" path="1" offsetend="213" fileid="3" />
                <BranchPoint vc="3" uspid="440" ordinal="16" offset="426" sl="301" path="0" offsetend="428" fileid="3" />
                <BranchPoint vc="15" uspid="441" ordinal="17" offset="426" sl="301" path="1" offsetend="343" fileid="3" />
              </BranchPoints>
              <MethodPoint xsi:type="SequencePoint" vc="3" uspid="376" ordinal="0" offset="0" sl="265" sc="13" el="265" ec="14" bec="0" bev="0" fileid="3" />
            </Method>
          </Methods>
        </Class>
        <Class>
          <Summary numSequencePoints="4" visitedSequencePoints="4" numBranchPoints="1" visitedBranchPoints="1" sequenceCoverage="100" branchCoverage="100" maxCyclomaticComplexity="1" minCyclomaticComplexity="1" maxCrapScore="1" minCrapScore="1" visitedClasses="1" numClasses="1" visitedMethods="1" numMethods="1" />
          <FullName>ce100_hw5_algo_lib_cs.Class1/Graph3/Edge</FullName>
          <Methods>
            <Method visited="true" cyclomaticComplexity="1" nPathComplexity="0" sequenceCoverage="100" branchCoverage="100" crapScore="1" isConstructor="true" isStatic="false" isGetter="false" isSetter="false">
              <Summary numSequencePoints="4" visitedSequencePoints="4" numBranchPoints="1" visitedBranchPoints="1" sequenceCoverage="100" branchCoverage="100" maxCyclomaticComplexity="1" minCyclomaticComplexity="1" maxCrapScore="1" minCrapScore="1" visitedClasses="0" numClasses="0" visitedMethods="1" numMethods="1" />
              <MetadataToken>100663311</MetadataToken>
              <Name>System.Void ce100_hw5_algo_lib_cs.Class1/Graph3/Edge::.ctor()</Name>
              <FileRef uid="3" />
              <SequencePoints>
                <SequencePoint vc="21" uspid="442" ordinal="0" offset="0" sl="245" sc="17" el="245" ec="30" bec="0" bev="0" fileid="3" />
                <SequencePoint vc="21" uspid="443" ordinal="1" offset="7" sl="246" sc="17" el="246" ec="18" bec="0" bev="0" fileid="3" />
                <SequencePoint vc="21" uspid="444" ordinal="2" offset="8" sl="247" sc="21" el="247" ec="35" bec="0" bev="0" fileid="3" />
                <SequencePoint vc="21" uspid="445" ordinal="3" offset="33" sl="248" sc="17" el="248" ec="18" bec="0" bev="0" fileid="3" />
              </SequencePoints>
              <BranchPoints />
              <MethodPoint xsi:type="SequencePoint" vc="21" uspid="442" ordinal="0" offset="0" sl="245" sc="17" el="245" ec="30" bec="0" bev="0" fileid="3" />
            </Method>
          </Methods>
        </Class>
        <Class>
          <Summary numSequencePoints="66" visitedSequencePoints="66" numBranchPoints="25" visitedBranchPoints="25" sequenceCoverage="100" branchCoverage="100" maxCyclomaticComplexity="7" minCyclomaticComplexity="1" maxCrapScore="7" minCrapScore="1" visitedClasses="1" numClasses="1" visitedMethods="3" numMethods="3" />
          <FullName>ce100_hw5_algo_lib_cs.Class1/Graph3/MaxFlow</FullName>
          <Methods>
            <Method visited="true" cyclomaticComplexity="7" nPathComplexity="64" sequenceCoverage="100" branchCoverage="100" crapScore="7" isConstructor="false" isStatic="true" isGetter="false" isSetter="false">
              <Summary numSequencePoints="32" visitedSequencePoints="32" numBranchPoints="13" visitedBranchPoints="13" sequenceCoverage="100" branchCoverage="100" maxCyclomaticComplexity="7" minCyclomaticComplexity="7" maxCrapScore="7" minCrapScore="7" visitedClasses="0" numClasses="0" visitedMethods="1" numMethods="1" />
              <MetadataToken>100663312</MetadataToken>
              <Name>System.Boolean ce100_hw5_algo_lib_cs.Class1/Graph3/MaxFlow::bfs(System.Int32[0...,0...],System.Int32,System.Int32,System.Int32[])</Name>
              <FileRef uid="3" />
              <SequencePoints>
                <SequencePoint vc="17" uspid="446" ordinal="0" offset="0" sl="334" sc="17" el="334" ec="18" bec="0" bev="0" fileid="3" />
                <SequencePoint vc="17" uspid="447" ordinal="1" offset="1" sl="335" sc="21" el="335" ec="50" bec="0" bev="0" fileid="3" />
                <SequencePoint vc="17" uspid="448" ordinal="2" offset="12" sl="336" sc="26" el="336" ec="35" bec="0" bev="0" fileid="3" />
                <SequencePoint vc="102" uspid="449" ordinal="3" offset="16" sl="337" sc="25" el="337" ec="44" bec="0" bev="0" fileid="3" />
                <SequencePoint vc="102" uspid="450" ordinal="4" offset="20" sl="336" sc="44" el="336" ec="47" bec="0" bev="0" fileid="3" />
                <SequencePoint vc="119" uspid="451" ordinal="5" offset="24" sl="336" sc="37" el="336" ec="42" bec="2" bev="2" fileid="3" />
                <SequencePoint vc="17" uspid="452" ordinal="6" offset="36" sl="339" sc="21" el="339" ec="55" bec="0" bev="0" fileid="3" />
                <SequencePoint vc="17" uspid="453" ordinal="7" offset="42" sl="340" sc="21" el="340" ec="34" bec="0" bev="0" fileid="3" />
                <SequencePoint vc="17" uspid="454" ordinal="8" offset="50" sl="341" sc="21" el="341" ec="39" bec="0" bev="0" fileid="3" />
                <SequencePoint vc="17" uspid="455" ordinal="9" offset="54" sl="342" sc="21" el="342" ec="36" bec="0" bev="0" fileid="3" />
                <SequencePoint vc="73" uspid="456" ordinal="10" offset="60" sl="345" sc="21" el="345" ec="22" bec="0" bev="0" fileid="3" />
                <SequencePoint vc="73" uspid="457" ordinal="11" offset="61" sl="346" sc="25" el="346" ec="42" bec="0" bev="0" fileid="3" />
                <SequencePoint vc="73" uspid="458" ordinal="12" offset="70" sl="347" sc="25" el="347" ec="43" bec="0" bev="0" fileid="3" />
                <SequencePoint vc="73" uspid="459" ordinal="13" offset="78" sl="349" sc="30" el="349" ec="39" bec="0" bev="0" fileid="3" />
                <SequencePoint vc="438" uspid="460" ordinal="14" offset="83" sl="350" sc="25" el="350" ec="26" bec="0" bev="0" fileid="3" />
                <SequencePoint vc="438" uspid="461" ordinal="15" offset="84" sl="351" sc="29" el="352" ec="53" bec="4" bev="4" fileid="3" />
                <SequencePoint vc="81" uspid="462" ordinal="16" offset="112" sl="353" sc="29" el="353" ec="30" bec="0" bev="0" fileid="3" />
                <SequencePoint vc="81" uspid="463" ordinal="17" offset="113" sl="354" sc="33" el="354" ec="44" bec="2" bev="2" fileid="3" />
                <SequencePoint vc="14" uspid="464" ordinal="18" offset="124" sl="355" sc="33" el="355" ec="34" bec="0" bev="0" fileid="3" />
                <SequencePoint vc="14" uspid="465" ordinal="19" offset="125" sl="356" sc="37" el="356" ec="51" bec="0" bev="0" fileid="3" />
                <SequencePoint vc="14" uspid="466" ordinal="20" offset="131" sl="357" sc="37" el="357" ec="49" bec="0" bev="0" fileid="3" />
                <SequencePoint vc="67" uspid="467" ordinal="21" offset="136" sl="359" sc="33" el="359" ec="46" bec="0" bev="0" fileid="3" />
                <SequencePoint vc="67" uspid="468" ordinal="22" offset="145" sl="360" sc="33" el="360" ec="47" bec="0" bev="0" fileid="3" />
                <SequencePoint vc="67" uspid="469" ordinal="23" offset="151" sl="361" sc="33" el="361" ec="51" bec="0" bev="0" fileid="3" />
                <SequencePoint vc="67" uspid="470" ordinal="24" offset="156" sl="362" sc="29" el="362" ec="30" bec="0" bev="0" fileid="3" />
                <SequencePoint vc="424" uspid="471" ordinal="25" offset="157" sl="363" sc="25" el="363" ec="26" bec="0" bev="0" fileid="3" />
                <SequencePoint vc="424" uspid="472" ordinal="26" offset="158" sl="349" sc="48" el="349" ec="51" bec="0" bev="0" fileid="3" />
                <SequencePoint vc="497" uspid="473" ordinal="27" offset="164" sl="349" sc="41" el="349" ec="46" bec="2" bev="2" fileid="3" />
                <SequencePoint vc="59" uspid="474" ordinal="28" offset="179" sl="364" sc="21" el="364" ec="22" bec="0" bev="0" fileid="3" />
                <SequencePoint vc="76" uspid="475" ordinal="29" offset="180" sl="344" sc="21" el="344" ec="45" bec="2" bev="2" fileid="3" />
                <SequencePoint vc="3" uspid="476" ordinal="30" offset="198" sl="366" sc="21" el="366" ec="34" bec="0" bev="0" fileid="3" />
                <SequencePoint vc="17" uspid="477" ordinal="31" offset="203" sl="367" sc="17" el="367" ec="18" bec="0" bev="0" fileid="3" />
              </SequencePoints>
              <BranchPoints>
                <BranchPoint vc="17" uspid="478" ordinal="0" offset="34" sl="336" path="0" offsetend="36" fileid="3" />
                <BranchPoint vc="102" uspid="479" ordinal="1" offset="34" sl="336" path="1" offsetend="16" fileid="3" />
                <BranchPoint vc="215" uspid="480" ordinal="2" offset="88" sl="351" path="0" offsetend="90" fileid="3" />
                <BranchPoint vc="223" uspid="481" ordinal="3" offset="88" sl="351" path="1" offsetend="105" fileid="3" />
                <BranchPoint vc="81" uspid="482" ordinal="4" offset="110" sl="351" path="0" offsetend="112" fileid="3" />
                <BranchPoint vc="357" uspid="483" ordinal="5" offset="110" sl="351" path="1" offsetend="157" fileid="3" />
                <BranchPoint vc="14" uspid="484" ordinal="6" offset="122" sl="354" path="0" offsetend="124" fileid="3" />
                <BranchPoint vc="67" uspid="485" ordinal="7" offset="122" sl="354" path="1" offsetend="136" fileid="3" />
                <BranchPoint vc="59" uspid="486" ordinal="8" offset="177" sl="349" path="0" offsetend="179" fileid="3" />
                <BranchPoint vc="438" uspid="487" ordinal="9" offset="177" sl="349" path="1" offsetend="83" fileid="3" />
                <BranchPoint vc="3" uspid="488" ordinal="10" offset="193" sl="344" path="0" offsetend="198" fileid="3" />
                <BranchPoint vc="73" uspid="489" ordinal="11" offset="193" sl="344" path="1" offsetend="60" fileid="3" />
              </BranchPoints>
              <MethodPoint xsi:type="SequencePoint" vc="17" uspid="446" ordinal="0" offset="0" sl="334" sc="17" el="334" ec="18" bec="0" bev="0" fileid="3" />
            </Method>
            <Method visited="true" cyclomaticComplexity="6" nPathComplexity="32" sequenceCoverage="100" branchCoverage="100" crapScore="6" isConstructor="false" isStatic="true" isGetter="false" isSetter="false">
              <Summary numSequencePoints="33" visitedSequencePoints="33" numBranchPoints="11" visitedBranchPoints="11" sequenceCoverage="100" branchCoverage="100" maxCyclomaticComplexity="6" minCyclomaticComplexity="6" maxCrapScore="6" minCrapScore="6" visitedClasses="0" numClasses="0" visitedMethods="1" numMethods="1" />
              <MetadataToken>100663313</MetadataToken>
              <Name>System.Int32 ce100_hw5_algo_lib_cs.Class1/Graph3/MaxFlow::fordFulkerson(System.Int32[0...,0...],System.Int32,System.Int32)</Name>
              <FileRef uid="3" />
              <SequencePoints>
                <SequencePoint vc="3" uspid="490" ordinal="0" offset="0" sl="370" sc="17" el="370" ec="18" bec="0" bev="0" fileid="3" />
                <SequencePoint vc="3" uspid="491" ordinal="1" offset="1" sl="373" sc="21" el="373" ec="51" bec="0" bev="0" fileid="3" />
                <SequencePoint vc="3" uspid="492" ordinal="2" offset="17" sl="375" sc="26" el="375" ec="31" bec="0" bev="0" fileid="3" />
                <SequencePoint vc="18" uspid="493" ordinal="3" offset="21" sl="376" sc="30" el="376" ec="35" bec="0" bev="0" fileid="3" />
                <SequencePoint vc="108" uspid="494" ordinal="4" offset="25" sl="377" sc="29" el="377" ec="56" bec="0" bev="0" fileid="3" />
                <SequencePoint vc="108" uspid="495" ordinal="5" offset="41" sl="376" sc="44" el="376" ec="47" bec="0" bev="0" fileid="3" />
                <SequencePoint vc="126" uspid="496" ordinal="6" offset="45" sl="376" sc="37" el="376" ec="42" bec="2" bev="2" fileid="3" />
                <SequencePoint vc="18" uspid="497" ordinal="7" offset="59" sl="375" sc="40" el="375" ec="43" bec="0" bev="0" fileid="3" />
                <SequencePoint vc="21" uspid="498" ordinal="8" offset="63" sl="375" sc="33" el="375" ec="38" bec="2" bev="2" fileid="3" />
                <SequencePoint vc="3" uspid="499" ordinal="9" offset="77" sl="380" sc="21" el="380" ec="47" bec="0" bev="0" fileid="3" />
                <SequencePoint vc="3" uspid="500" ordinal="10" offset="88" sl="382" sc="21" el="382" ec="38" bec="0" bev="0" fileid="3" />
                <SequencePoint vc="14" uspid="501" ordinal="11" offset="93" sl="385" sc="21" el="385" ec="22" bec="0" bev="0" fileid="3" />
                <SequencePoint vc="14" uspid="502" ordinal="12" offset="94" sl="386" sc="25" el="386" ec="54" bec="0" bev="0" fileid="3" />
                <SequencePoint vc="14" uspid="503" ordinal="13" offset="101" sl="387" sc="30" el="387" ec="35" bec="0" bev="0" fileid="3" />
                <SequencePoint vc="48" uspid="504" ordinal="14" offset="105" sl="388" sc="25" el="388" ec="26" bec="0" bev="0" fileid="3" />
                <SequencePoint vc="48" uspid="505" ordinal="15" offset="106" sl="389" sc="29" el="389" ec="43" bec="0" bev="0" fileid="3" />
                <SequencePoint vc="48" uspid="506" ordinal="16" offset="110" sl="390" sc="29" el="391" ec="69" bec="0" bev="0" fileid="3" />
                <SequencePoint vc="48" uspid="507" ordinal="17" offset="127" sl="392" sc="25" el="392" ec="26" bec="0" bev="0" fileid="3" />
                <SequencePoint vc="48" uspid="508" ordinal="18" offset="128" sl="387" sc="45" el="387" ec="58" bec="0" bev="0" fileid="3" />
                <SequencePoint vc="62" uspid="509" ordinal="19" offset="132" sl="387" sc="37" el="387" ec="43" bec="2" bev="2" fileid="3" />
                <SequencePoint vc="14" uspid="510" ordinal="20" offset="145" sl="394" sc="30" el="394" ec="35" bec="0" bev="0" fileid="3" />
                <SequencePoint vc="48" uspid="511" ordinal="21" offset="149" sl="395" sc="25" el="395" ec="26" bec="0" bev="0" fileid="3" />
                <SequencePoint vc="48" uspid="512" ordinal="22" offset="150" sl="396" sc="29" el="396" ec="43" bec="0" bev="0" fileid="3" />
                <SequencePoint vc="48" uspid="513" ordinal="23" offset="154" sl="397" sc="29" el="397" ec="55" bec="0" bev="0" fileid="3" />
                <SequencePoint vc="48" uspid="514" ordinal="24" offset="168" sl="398" sc="29" el="398" ec="55" bec="0" bev="0" fileid="3" />
                <SequencePoint vc="48" uspid="515" ordinal="25" offset="182" sl="399" sc="25" el="399" ec="26" bec="0" bev="0" fileid="3" />
                <SequencePoint vc="48" uspid="516" ordinal="26" offset="183" sl="394" sc="45" el="394" ec="58" bec="0" bev="0" fileid="3" />
                <SequencePoint vc="62" uspid="517" ordinal="27" offset="187" sl="394" sc="37" el="394" ec="43" bec="2" bev="2" fileid="3" />
                <SequencePoint vc="14" uspid="518" ordinal="28" offset="200" sl="401" sc="25" el="401" ec="47" bec="0" bev="0" fileid="3" />
                <SequencePoint vc="14" uspid="519" ordinal="29" offset="207" sl="402" sc="21" el="402" ec="22" bec="0" bev="0" fileid="3" />
                <SequencePoint vc="17" uspid="520" ordinal="30" offset="208" sl="384" sc="21" el="384" ec="54" bec="2" bev="2" fileid="3" />
                <SequencePoint vc="3" uspid="521" ordinal="31" offset="226" sl="404" sc="21" el="404" ec="37" bec="0" bev="0" fileid="3" />
                <SequencePoint vc="3" uspid="522" ordinal="32" offset="232" sl="405" sc="17" el="405" ec="18" bec="0" bev="0" fileid="3" />
              </SequencePoints>
              <BranchPoints>
                <BranchPoint vc="18" uspid="523" ordinal="0" offset="57" sl="376" path="0" offsetend="59" fileid="3" />
                <BranchPoint vc="108" uspid="524" ordinal="1" offset="57" sl="376" path="1" offsetend="25" fileid="3" />
                <BranchPoint vc="3" uspid="525" ordinal="2" offset="75" sl="375" path="0" offsetend="77" fileid="3" />
                <BranchPoint vc="18" uspid="526" ordinal="3" offset="75" sl="375" path="1" offsetend="21" fileid="3" />
                <BranchPoint vc="14" uspid="527" ordinal="4" offset="143" sl="387" path="0" offsetend="145" fileid="3" />
                <BranchPoint vc="48" uspid="528" ordinal="5" offset="143" sl="387" path="1" offsetend="105" fileid="3" />
                <BranchPoint vc="14" uspid="529" ordinal="6" offset="198" sl="394" path="0" offsetend="200" fileid="3" />
                <BranchPoint vc="48" uspid="530" ordinal="7" offset="198" sl="394" path="1" offsetend="149" fileid="3" />
                <BranchPoint vc="3" uspid="531" ordinal="8" offset="221" sl="384" path="0" offsetend="226" fileid="3" />
                <BranchPoint vc="14" uspid="532" ordinal="9" offset="221" sl="384" path="1" offsetend="93" fileid="3" />
              </BranchPoints>
              <MethodPoint xsi:type="SequencePoint" vc="3" uspid="490" ordinal="0" offset="0" sl="370" sc="17" el="370" ec="18" bec="0" bev="0" fileid="3" />
            </Method>
            <Method visited="false" cyclomaticComplexity="1" nPathComplexity="0" sequenceCoverage="0" branchCoverage="0" crapScore="2" isConstructor="true" isStatic="false" isGetter="false" isSetter="false">
              <Summary numSequencePoints="0" visitedSequencePoints="0" numBranchPoints="0" visitedBranchPoints="0" sequenceCoverage="0" branchCoverage="0" maxCyclomaticComplexity="1" minCyclomaticComplexity="1" maxCrapScore="2" minCrapScore="2" visitedClasses="0" numClasses="0" visitedMethods="0" numMethods="0" />
              <MetadataToken>100663314</MetadataToken>
              <Name>System.Void ce100_hw5_algo_lib_cs.Class1/Graph3/MaxFlow::.ctor()</Name>
              <SequencePoints />
              <BranchPoints />
              <MethodPoint vc="0" uspid="533" ordinal="0" offset="0" />
            </Method>
            <Method visited="true" cyclomaticComplexity="1" nPathComplexity="0" sequenceCoverage="100" branchCoverage="100" crapScore="1" isConstructor="true" isStatic="true" isGetter="false" isSetter="false">
              <Summary numSequencePoints="1" visitedSequencePoints="1" numBranchPoints="1" visitedBranchPoints="1" sequenceCoverage="100" branchCoverage="100" maxCyclomaticComplexity="1" minCyclomaticComplexity="1" maxCrapScore="1" minCrapScore="1" visitedClasses="0" numClasses="0" visitedMethods="1" numMethods="1" />
              <MetadataToken>100663315</MetadataToken>
              <Name>System.Void ce100_hw5_algo_lib_cs.Class1/Graph3/MaxFlow::.cctor()</Name>
              <FileRef uid="3" />
              <SequencePoints>
                <SequencePoint vc="1" uspid="534" ordinal="0" offset="0" sl="331" sc="17" el="331" ec="50" bec="0" bev="0" fileid="3" />
              </SequencePoints>
              <BranchPoints />
              <MethodPoint xsi:type="SequencePoint" vc="1" uspid="534" ordinal="0" offset="0" sl="331" sc="17" el="331" ec="50" bec="0" bev="0" fileid="3" />
            </Method>
          </Methods>
        </Class>
      </Classes>
    </Module>
  </Modules>
</CoverageSession>