<?xml version="1.0" encoding="utf-8"?>
<!DOCTYPE coverage SYSTEM "http://cobertura.sourceforge.net/xml/coverage-04.dtd">
<coverage line-rate="1" branch-rate="0.972972972972973" lines-covered="456" lines-valid="456" branches-covered="72" branches-valid="74" complexity="65" version="0" timestamp="1653671332">
  <sources />
  <packages>
    <package name="ce100-hw5-algo-lib-cs" line-rate="1" branch-rate="0.972972972972973" complexity="53">
      <classes>
        <class name="ce100_hw5_algo_lib_cs.Class1" filename="C:\Users\opola\OneDrive\Masaüstü\ce100-hw5-omer-polat\ce100-hw5-sln\ce100-hw5-algo-lib-cs\Class1.cs" line-rate="1" branch-rate="0.972972972972973" complexity="12">
          <methods>
            <method name=".ctor" signature="(System.Int32)" line-rate="1" branch-rate="1" complexity="NaN">
              <lines>
                <line number="31" hits="3" branch="false" />
                <line number="32" hits="3" branch="false" />
                <line number="33" hits="3" branch="false" />
                <line number="34" hits="3" branch="false" />
                <line number="36" hits="30" branch="true" condition-coverage="100% (2/2)" />
                <line number="37" hits="12" branch="false" />
                <line number="38" hits="3" branch="false" />
              </lines>
            </method>
            <method name="isCyclicUtil" signature="(System.Int32,System.Boolean[],System.Boolean[])" line-rate="1" branch-rate="1" complexity="NaN">
              <lines>
                <line number="43" hits="14" branch="false" />
                <line number="44" hits="14" branch="true" condition-coverage="100% (2/2)" />
                <line number="45" hits="2" branch="false" />
                <line number="47" hits="12" branch="true" condition-coverage="100% (2/2)" />
                <line number="48" hits="4" branch="false" />
                <line number="50" hits="8" branch="false" />
                <line number="52" hits="8" branch="false" />
                <line number="53" hits="8" branch="false" />
                <line number="55" hits="35" branch="false" />
                <line number="56" hits="7" branch="true" condition-coverage="100% (2/2)" />
                <line number="57" hits="3" branch="false" />
                <line number="59" hits="5" branch="false" />
                <line number="61" hits="5" branch="false" />
                <line number="62" hits="14" branch="false" />
              </lines>
            </method>
            <method name="addEdge" signature="(System.Int32,System.Int32)" line-rate="1" branch-rate="1" complexity="NaN">
              <lines>
                <line number="66" hits="13" branch="false" />
                <line number="67" hits="13" branch="false" />
                <line number="68" hits="13" branch="false" />
              </lines>
            </method>
            <method name="isCyclic" signature="()" line-rate="1" branch-rate="1" complexity="3">
              <lines>
                <line number="73" hits="3" branch="false" />
                <line number="74" hits="3" branch="false" />
                <line number="75" hits="3" branch="false" />
                <line number="77" hits="16" branch="true" condition-coverage="100% (2/2)" />
                <line number="79" hits="7" branch="true" condition-coverage="100% (2/2)" />
                <line number="80" hits="2" branch="false" />
                <line number="81" hits="2" branch="false" />
                <line number="84" hits="1" branch="false" />
                <line number="85" hits="3" branch="false" />
              </lines>
            </method>
            <method name=".ctor" signature="(System.Int32,System.Int32)" line-rate="1" branch-rate="1" complexity="NaN">
              <lines>
                <line number="131" hits="3" branch="false" />
                <line number="132" hits="3" branch="false" />
                <line number="133" hits="3" branch="false" />
                <line number="134" hits="3" branch="false" />
                <line number="135" hits="3" branch="false" />
                <line number="136" hits="44" branch="true" condition-coverage="100% (2/2)" />
                <line number="137" hits="19" branch="false" />
                <line number="138" hits="3" branch="false" />
              </lines>
            </method>
            <method name="find" signature="(ce100_hw5_algo_lib_cs.Class1/Graph2/subset[],System.Int32)" line-rate="1" branch-rate="1" complexity="NaN">
              <lines>
                <line number="141" hits="62" branch="false" />
                <line number="142" hits="62" branch="true" condition-coverage="100% (2/2)" />
                <line number="143" hits="10" branch="false" />
                <line number="144" hits="10" branch="false" />
                <line number="146" hits="62" branch="false" />
                <line number="147" hits="62" branch="false" />
              </lines>
            </method>
            <method name="Union" signature="(ce100_hw5_algo_lib_cs.Class1/Graph2/subset[],System.Int32,System.Int32)" line-rate="1" branch-rate="1" complexity="NaN">
              <lines>
                <line number="150" hits="12" branch="false" />
                <line number="151" hits="12" branch="false" />
                <line number="152" hits="12" branch="false" />
                <line number="155" hits="12" branch="true" condition-coverage="100% (2/2)" />
                <line number="156" hits="4" branch="false" />
                <line number="157" hits="8" branch="true" condition-coverage="100% (2/2)" />
                <line number="158" hits="2" branch="false" />
                <line number="161" hits="6" branch="false" />
                <line number="162" hits="6" branch="false" />
                <line number="163" hits="6" branch="false" />
                <line number="164" hits="6" branch="false" />
                <line number="165" hits="12" branch="false" />
              </lines>
            </method>
            <method name="KruskalMST" signature="()" line-rate="1" branch-rate="1" complexity="7">
              <lines>
                <line number="168" hits="3" branch="false" />
                <line number="169" hits="3" branch="false" />
                <line number="170" hits="3" branch="false" />
                <line number="171" hits="3" branch="false" />
                <line number="172" hits="3" branch="false" />
                <line number="173" hits="3" branch="false" />
                <line number="174" hits="36" branch="true" condition-coverage="100% (2/2)" />
                <line number="175" hits="15" branch="false" />
                <line number="177" hits="3" branch="false" />
                <line number="179" hits="3" branch="false" />
                <line number="180" hits="36" branch="true" condition-coverage="100% (2/2)" />
                <line number="181" hits="15" branch="false" />
                <line number="183" hits="36" branch="true" condition-coverage="100% (2/2)" />
                <line number="184" hits="15" branch="false" />
                <line number="185" hits="15" branch="false" />
                <line number="186" hits="15" branch="false" />
                <line number="187" hits="15" branch="false" />
                <line number="189" hits="3" branch="false" />
                <line number="191" hits="17" branch="true" condition-coverage="100% (2/2)" />
                <line number="192" hits="14" branch="false" />
                <line number="193" hits="14" branch="false" />
                <line number="194" hits="14" branch="false" />
                <line number="196" hits="14" branch="false" />
                <line number="197" hits="14" branch="false" />
                <line number="200" hits="14" branch="true" condition-coverage="100% (2/2)" />
                <line number="201" hits="12" branch="false" />
                <line number="202" hits="12" branch="false" />
                <line number="203" hits="12" branch="false" />
                <line number="204" hits="12" branch="false" />
                <line number="205" hits="14" branch="false" />
                <line number="207" hits="3" branch="false" />
                <line number="209" hits="30" branch="true" condition-coverage="100% (2/2)" />
                <line number="210" hits="12" branch="false" />
                <line number="211" hits="12" branch="false" />
                <line number="212" hits="12" branch="false" />
                <line number="213" hits="12" branch="false" />
                <line number="215" hits="12" branch="false" />
                <line number="216" hits="3" branch="false" />
                <line number="218" hits="3" branch="false" />
              </lines>
            </method>
            <method name="CompareTo" signature="(ce100_hw5_algo_lib_cs.Class1/Graph2/Edge)" line-rate="1" branch-rate="1" complexity="NaN">
              <lines>
                <line number="117" hits="42" branch="false" />
                <line number="118" hits="42" branch="false" />
                <line number="119" hits="42" branch="false" />
                <line number="120" hits="42" branch="false" />
              </lines>
            </method>
            <method name=".ctor" signature="(System.Int32,System.Int32)" line-rate="1" branch-rate="1" complexity="NaN">
              <lines>
                <line number="254" hits="3" branch="false" />
                <line number="255" hits="3" branch="false" />
                <line number="256" hits="3" branch="false" />
                <line number="257" hits="3" branch="false" />
                <line number="258" hits="3" branch="false" />
                <line number="259" hits="48" branch="true" condition-coverage="100% (2/2)" />
                <line number="260" hits="21" branch="false" />
                <line number="261" hits="3" branch="false" />
              </lines>
            </method>
            <method name="BellmanFord" signature="(ce100_hw5_algo_lib_cs.Class1/Graph3,System.Int32)" line-rate="1" branch-rate="0.8888888888888888" complexity="NaN">
              <lines>
                <line number="265" hits="3" branch="false" />
                <line number="266" hits="3" branch="false" />
                <line number="267" hits="6" branch="false" />
                <line number="268" hits="3" branch="false" />
                <line number="271" hits="36" branch="true" condition-coverage="100% (2/2)" />
                <line number="272" hits="15" branch="false" />
                <line number="273" hits="15" branch="false" />
                <line number="274" hits="15" branch="false" />
                <line number="275" hits="3" branch="false" />
                <line number="277" hits="30" branch="true" condition-coverage="100% (2/2)" />
                <line number="278" hits="12" branch="false" />
                <line number="279" hits="192" branch="true" condition-coverage="100% (2/2)" />
                <line number="280" hits="84" branch="false" />
                <line number="281" hits="84" branch="false" />
                <line number="282" hits="84" branch="false" />
                <line number="283" hits="84" branch="false" />
                <line number="284" hits="84" branch="true" condition-coverage="75% (3/4)" />
                <line number="285" hits="43" branch="false" />
                <line number="286" hits="84" branch="false" />
                <line number="287" hits="12" branch="false" />
                <line number="289" hits="48" branch="true" condition-coverage="100% (2/2)" />
                <line number="290" hits="21" branch="false" />
                <line number="291" hits="21" branch="false" />
                <line number="292" hits="21" branch="false" />
                <line number="293" hits="21" branch="false" />
                <line number="294" hits="21" branch="true" condition-coverage="75% (3/4)" />
                <line number="295" hits="6" branch="false" />
                <line number="296" hits="6" branch="false" />
                <line number="298" hits="6" branch="false" />
                <line number="299" hits="21" branch="false" />
                <line number="300" hits="3" branch="false" />
                <line number="301" hits="36" branch="true" condition-coverage="100% (2/2)" />
                <line number="302" hits="15" branch="false" />
                <line number="303" hits="15" branch="false" />
                <line number="304" hits="15" branch="false" />
                <line number="305" hits="3" branch="false" />
                <line number="306" hits="3" branch="false" />
              </lines>
            </method>
            <method name=".ctor" signature="()" line-rate="1" branch-rate="1" complexity="1">
              <lines>
                <line number="245" hits="21" branch="false" />
                <line number="246" hits="21" branch="false" />
                <line number="247" hits="21" branch="false" />
                <line number="248" hits="21" branch="false" />
              </lines>
            </method>
            <method name="bfs" signature="(System.Int32[0...,0...],System.Int32,System.Int32,System.Int32[])" line-rate="1" branch-rate="1" complexity="NaN">
              <lines>
                <line number="334" hits="17" branch="false" />
                <line number="335" hits="17" branch="false" />
                <line number="336" hits="238" branch="true" condition-coverage="100% (2/2)" />
                <line number="337" hits="102" branch="false" />
                <line number="339" hits="17" branch="false" />
                <line number="340" hits="17" branch="false" />
                <line number="341" hits="17" branch="false" />
                <line number="342" hits="17" branch="false" />
                <line number="344" hits="76" branch="true" condition-coverage="100% (2/2)" />
                <line number="345" hits="73" branch="false" />
                <line number="346" hits="73" branch="false" />
                <line number="347" hits="73" branch="false" />
                <line number="349" hits="994" branch="true" condition-coverage="100% (2/2)" />
                <line number="350" hits="438" branch="false" />
                <line number="351" hits="438" branch="true" condition-coverage="100% (4/4)" />
                <line number="352" hits="438" branch="false" />
                <line number="353" hits="81" branch="false" />
                <line number="354" hits="81" branch="true" condition-coverage="100% (2/2)" />
                <line number="355" hits="14" branch="false" />
                <line number="356" hits="14" branch="false" />
                <line number="357" hits="14" branch="false" />
                <line number="359" hits="67" branch="false" />
                <line number="360" hits="67" branch="false" />
                <line number="361" hits="67" branch="false" />
                <line number="362" hits="67" branch="false" />
                <line number="363" hits="424" branch="false" />
                <line number="364" hits="59" branch="false" />
                <line number="366" hits="3" branch="false" />
                <line number="367" hits="17" branch="false" />
              </lines>
            </method>
            <method name="fordFulkerson" signature="(System.Int32[0...,0...],System.Int32,System.Int32)" line-rate="1" branch-rate="1" complexity="NaN">
              <lines>
                <line number="370" hits="3" branch="false" />
                <line number="373" hits="3" branch="false" />
                <line number="375" hits="42" branch="true" condition-coverage="100% (2/2)" />
                <line number="376" hits="252" branch="true" condition-coverage="100% (2/2)" />
                <line number="377" hits="108" branch="false" />
                <line number="380" hits="3" branch="false" />
                <line number="382" hits="3" branch="false" />
                <line number="384" hits="17" branch="true" condition-coverage="100% (2/2)" />
                <line number="385" hits="14" branch="false" />
                <line number="386" hits="14" branch="false" />
                <line number="387" hits="124" branch="true" condition-coverage="100% (2/2)" />
                <line number="388" hits="48" branch="false" />
                <line number="389" hits="48" branch="false" />
                <line number="390" hits="48" branch="false" />
                <line number="391" hits="48" branch="false" />
                <line number="392" hits="48" branch="false" />
                <line number="394" hits="124" branch="true" condition-coverage="100% (2/2)" />
                <line number="395" hits="48" branch="false" />
                <line number="396" hits="48" branch="false" />
                <line number="397" hits="48" branch="false" />
                <line number="398" hits="48" branch="false" />
                <line number="399" hits="48" branch="false" />
                <line number="401" hits="14" branch="false" />
                <line number="402" hits="14" branch="false" />
                <line number="404" hits="3" branch="false" />
                <line number="405" hits="3" branch="false" />
              </lines>
            </method>
            <method name=".cctor" signature="()" line-rate="1" branch-rate="1" complexity="1">
              <lines>
                <line number="331" hits="1" branch="false" />
              </lines>
            </method>
          </methods>
          <lines>
            <line number="31" hits="3" branch="false" />
            <line number="32" hits="3" branch="false" />
            <line number="33" hits="3" branch="false" />
            <line number="34" hits="3" branch="false" />
            <line number="36" hits="30" branch="true" condition-coverage="100% (2/2)" />
            <line number="37" hits="12" branch="false" />
            <line number="38" hits="3" branch="false" />
            <line number="43" hits="14" branch="false" />
            <line number="44" hits="14" branch="true" condition-coverage="100% (2/2)" />
            <line number="45" hits="2" branch="false" />
            <line number="47" hits="12" branch="true" condition-coverage="100% (2/2)" />
            <line number="48" hits="4" branch="false" />
            <line number="50" hits="8" branch="false" />
            <line number="52" hits="8" branch="false" />
            <line number="53" hits="8" branch="false" />
            <line number="55" hits="35" branch="false" />
            <line number="56" hits="7" branch="true" condition-coverage="100% (2/2)" />
            <line number="57" hits="3" branch="false" />
            <line number="59" hits="5" branch="false" />
            <line number="61" hits="5" branch="false" />
            <line number="62" hits="14" branch="false" />
            <line number="66" hits="13" branch="false" />
            <line number="67" hits="13" branch="false" />
            <line number="68" hits="13" branch="false" />
            <line number="73" hits="3" branch="false" />
            <line number="74" hits="3" branch="false" />
            <line number="75" hits="3" branch="false" />
            <line number="77" hits="16" branch="true" condition-coverage="100% (2/2)" />
            <line number="79" hits="7" branch="true" condition-coverage="100% (2/2)" />
            <line number="80" hits="2" branch="false" />
            <line number="81" hits="2" branch="false" />
            <line number="84" hits="1" branch="false" />
            <line number="85" hits="3" branch="false" />
            <line number="117" hits="42" branch="false" />
            <line number="118" hits="42" branch="false" />
            <line number="119" hits="42" branch="false" />
            <line number="120" hits="42" branch="false" />
            <line number="131" hits="3" branch="false" />
            <line number="132" hits="3" branch="false" />
            <line number="133" hits="3" branch="false" />
            <line number="134" hits="3" branch="false" />
            <line number="135" hits="3" branch="false" />
            <line number="136" hits="44" branch="true" condition-coverage="100% (2/2)" />
            <line number="137" hits="19" branch="false" />
            <line number="138" hits="3" branch="false" />
            <line number="141" hits="62" branch="false" />
            <line number="142" hits="62" branch="true" condition-coverage="100% (2/2)" />
            <line number="143" hits="10" branch="false" />
            <line number="144" hits="10" branch="false" />
            <line number="146" hits="62" branch="false" />
            <line number="147" hits="62" branch="false" />
            <line number="150" hits="12" branch="false" />
            <line number="151" hits="12" branch="false" />
            <line number="152" hits="12" branch="false" />
            <line number="155" hits="12" branch="true" condition-coverage="100% (2/2)" />
            <line number="156" hits="4" branch="false" />
            <line number="157" hits="8" branch="true" condition-coverage="100% (2/2)" />
            <line number="158" hits="2" branch="false" />
            <line number="161" hits="6" branch="false" />
            <line number="162" hits="6" branch="false" />
            <line number="163" hits="6" branch="false" />
            <line number="164" hits="6" branch="false" />
            <line number="165" hits="12" branch="false" />
            <line number="168" hits="3" branch="false" />
            <line number="169" hits="3" branch="false" />
            <line number="170" hits="3" branch="false" />
            <line number="171" hits="3" branch="false" />
            <line number="172" hits="3" branch="false" />
            <line number="173" hits="3" branch="false" />
            <line number="174" hits="36" branch="true" condition-coverage="100% (2/2)" />
            <line number="175" hits="15" branch="false" />
            <line number="177" hits="3" branch="false" />
            <line number="179" hits="3" branch="false" />
            <line number="180" hits="36" branch="true" condition-coverage="100% (2/2)" />
            <line number="181" hits="15" branch="false" />
            <line number="183" hits="36" branch="true" condition-coverage="100% (2/2)" />
            <line number="184" hits="15" branch="false" />
            <line number="185" hits="15" branch="false" />
            <line number="186" hits="15" branch="false" />
            <line number="187" hits="15" branch="false" />
            <line number="189" hits="3" branch="false" />
            <line number="191" hits="17" branch="true" condition-coverage="100% (2/2)" />
            <line number="192" hits="14" branch="false" />
            <line number="193" hits="14" branch="false" />
            <line number="194" hits="14" branch="false" />
            <line number="196" hits="14" branch="false" />
            <line number="197" hits="14" branch="false" />
            <line number="200" hits="14" branch="true" condition-coverage="100% (2/2)" />
            <line number="201" hits="12" branch="false" />
            <line number="202" hits="12" branch="false" />
            <line number="203" hits="12" branch="false" />
            <line number="204" hits="12" branch="false" />
            <line number="205" hits="14" branch="false" />
            <line number="207" hits="3" branch="false" />
            <line number="209" hits="30" branch="true" condition-coverage="100% (2/2)" />
            <line number="210" hits="12" branch="false" />
            <line number="211" hits="12" branch="false" />
            <line number="212" hits="12" branch="false" />
            <line number="213" hits="12" branch="false" />
            <line number="215" hits="12" branch="false" />
            <line number="216" hits="3" branch="false" />
            <line number="218" hits="3" branch="false" />
            <line number="245" hits="21" branch="false" />
            <line number="246" hits="21" branch="false" />
            <line number="247" hits="21" branch="false" />
            <line number="248" hits="21" branch="false" />
            <line number="254" hits="3" branch="false" />
            <line number="255" hits="3" branch="false" />
            <line number="256" hits="3" branch="false" />
            <line number="257" hits="3" branch="false" />
            <line number="258" hits="3" branch="false" />
            <line number="259" hits="48" branch="true" condition-coverage="100% (2/2)" />
            <line number="260" hits="21" branch="false" />
            <line number="261" hits="3" branch="false" />
            <line number="265" hits="3" branch="false" />
            <line number="266" hits="3" branch="false" />
            <line number="267" hits="6" branch="false" />
            <line number="268" hits="3" branch="false" />
            <line number="271" hits="36" branch="true" condition-coverage="100% (2/2)" />
            <line number="272" hits="15" branch="false" />
            <line number="273" hits="15" branch="false" />
            <line number="274" hits="15" branch="false" />
            <line number="275" hits="3" branch="false" />
            <line number="277" hits="30" branch="true" condition-coverage="100% (2/2)" />
            <line number="278" hits="12" branch="false" />
            <line number="279" hits="192" branch="true" condition-coverage="100% (2/2)" />
            <line number="280" hits="84" branch="false" />
            <line number="281" hits="84" branch="false" />
            <line number="282" hits="84" branch="false" />
            <line number="283" hits="84" branch="false" />
            <line number="284" hits="84" branch="true" condition-coverage="75% (3/4)" />
            <line number="285" hits="43" branch="false" />
            <line number="286" hits="84" branch="false" />
            <line number="287" hits="12" branch="false" />
            <line number="289" hits="48" branch="true" condition-coverage="100% (2/2)" />
            <line number="290" hits="21" branch="false" />
            <line number="291" hits="21" branch="false" />
            <line number="292" hits="21" branch="false" />
            <line number="293" hits="21" branch="false" />
            <line number="294" hits="21" branch="true" condition-coverage="75% (3/4)" />
            <line number="295" hits="6" branch="false" />
            <line number="296" hits="6" branch="false" />
            <line number="298" hits="6" branch="false" />
            <line number="299" hits="21" branch="false" />
            <line number="300" hits="3" branch="false" />
            <line number="301" hits="36" branch="true" condition-coverage="100% (2/2)" />
            <line number="302" hits="15" branch="false" />
            <line number="303" hits="15" branch="false" />
            <line number="304" hits="15" branch="false" />
            <line number="305" hits="3" branch="false" />
            <line number="306" hits="3" branch="false" />
            <line number="331" hits="1" branch="false" />
            <line number="334" hits="17" branch="false" />
            <line number="335" hits="17" branch="false" />
            <line number="336" hits="238" branch="true" condition-coverage="100% (2/2)" />
            <line number="337" hits="102" branch="false" />
            <line number="339" hits="17" branch="false" />
            <line number="340" hits="17" branch="false" />
            <line number="341" hits="17" branch="false" />
            <line number="342" hits="17" branch="false" />
            <line number="344" hits="76" branch="true" condition-coverage="100% (2/2)" />
            <line number="345" hits="73" branch="false" />
            <line number="346" hits="73" branch="false" />
            <line number="347" hits="73" branch="false" />
            <line number="349" hits="994" branch="true" condition-coverage="100% (2/2)" />
            <line number="350" hits="438" branch="false" />
            <line number="351" hits="438" branch="true" condition-coverage="100% (4/4)" />
            <line number="352" hits="438" branch="false" />
            <line number="353" hits="81" branch="false" />
            <line number="354" hits="81" branch="true" condition-coverage="100% (2/2)" />
            <line number="355" hits="14" branch="false" />
            <line number="356" hits="14" branch="false" />
            <line number="357" hits="14" branch="false" />
            <line number="359" hits="67" branch="false" />
            <line number="360" hits="67" branch="false" />
            <line number="361" hits="67" branch="false" />
            <line number="362" hits="67" branch="false" />
            <line number="363" hits="424" branch="false" />
            <line number="364" hits="59" branch="false" />
            <line number="366" hits="3" branch="false" />
            <line number="367" hits="17" branch="false" />
            <line number="370" hits="3" branch="false" />
            <line number="373" hits="3" branch="false" />
            <line number="375" hits="42" branch="true" condition-coverage="100% (2/2)" />
            <line number="376" hits="252" branch="true" condition-coverage="100% (2/2)" />
            <line number="377" hits="108" branch="false" />
            <line number="380" hits="3" branch="false" />
            <line number="382" hits="3" branch="false" />
            <line number="384" hits="17" branch="true" condition-coverage="100% (2/2)" />
            <line number="385" hits="14" branch="false" />
            <line number="386" hits="14" branch="false" />
            <line number="387" hits="124" branch="true" condition-coverage="100% (2/2)" />
            <line number="388" hits="48" branch="false" />
            <line number="389" hits="48" branch="false" />
            <line number="390" hits="48" branch="false" />
            <line number="391" hits="48" branch="false" />
            <line number="392" hits="48" branch="false" />
            <line number="394" hits="124" branch="true" condition-coverage="100% (2/2)" />
            <line number="395" hits="48" branch="false" />
            <line number="396" hits="48" branch="false" />
            <line number="397" hits="48" branch="false" />
            <line number="398" hits="48" branch="false" />
            <line number="399" hits="48" branch="false" />
            <line number="401" hits="14" branch="false" />
            <line number="402" hits="14" branch="false" />
            <line number="404" hits="3" branch="false" />
            <line number="405" hits="3" branch="false" />
          </lines>
        </class>
      </classes>
    </package>
    <package name="ce100-hw5-algo-test-cs" line-rate="1" branch-rate="1" complexity="12">
      <classes>
        <class name="ce100_hw5_algo_test_cs.UnitTest1" filename="C:\Users\opola\OneDrive\Masaüstü\ce100-hw5-omer-polat\ce100-hw5-sln\ce100-hw5-algo-test-cs\UnitTest1.cs" line-rate="1" branch-rate="1" complexity="12">
          <methods>
            <method name="ISCYCLE_test1" signature="()" line-rate="1" branch-rate="1" complexity="1">
              <lines>
                <line number="14" hits="1" branch="false" />
                <line number="15" hits="1" branch="false" />
                <line number="16" hits="1" branch="false" />
                <line number="17" hits="1" branch="false" />
                <line number="18" hits="1" branch="false" />
                <line number="19" hits="1" branch="false" />
                <line number="20" hits="1" branch="false" />
                <line number="21" hits="1" branch="false" />
                <line number="23" hits="1" branch="false" />
                <line number="25" hits="1" branch="false" />
                <line number="26" hits="1" branch="false" />
              </lines>
            </method>
            <method name="ISCYCLE_test2" signature="()" line-rate="1" branch-rate="1" complexity="1">
              <lines>
                <line number="30" hits="1" branch="false" />
                <line number="31" hits="1" branch="false" />
                <line number="32" hits="1" branch="false" />
                <line number="33" hits="1" branch="false" />
                <line number="34" hits="1" branch="false" />
                <line number="35" hits="1" branch="false" />
                <line number="36" hits="1" branch="false" />
                <line number="38" hits="1" branch="false" />
                <line number="39" hits="1" branch="false" />
              </lines>
            </method>
            <method name="ISCYCLE_test3" signature="()" line-rate="1" branch-rate="1" complexity="1">
              <lines>
                <line number="43" hits="1" branch="false" />
                <line number="44" hits="1" branch="false" />
                <line number="45" hits="1" branch="false" />
                <line number="46" hits="1" branch="false" />
                <line number="47" hits="1" branch="false" />
                <line number="49" hits="1" branch="false" />
                <line number="51" hits="1" branch="false" />
                <line number="52" hits="1" branch="false" />
              </lines>
            </method>
            <method name="KRUSKAL_test1" signature="()" line-rate="1" branch-rate="1" complexity="1">
              <lines>
                <line number="57" hits="1" branch="false" />
                <line number="58" hits="1" branch="false" />
                <line number="59" hits="1" branch="false" />
                <line number="60" hits="1" branch="false" />
                <line number="63" hits="1" branch="false" />
                <line number="64" hits="1" branch="false" />
                <line number="65" hits="1" branch="false" />
                <line number="68" hits="1" branch="false" />
                <line number="69" hits="1" branch="false" />
                <line number="70" hits="1" branch="false" />
                <line number="73" hits="1" branch="false" />
                <line number="74" hits="1" branch="false" />
                <line number="75" hits="1" branch="false" />
                <line number="78" hits="1" branch="false" />
                <line number="79" hits="1" branch="false" />
                <line number="80" hits="1" branch="false" />
                <line number="83" hits="1" branch="false" />
                <line number="84" hits="1" branch="false" />
                <line number="85" hits="1" branch="false" />
                <line number="87" hits="1" branch="false" />
                <line number="88" hits="1" branch="false" />
                <line number="89" hits="1" branch="false" />
                <line number="90" hits="1" branch="false" />
                <line number="92" hits="1" branch="false" />
                <line number="93" hits="1" branch="false" />
              </lines>
            </method>
            <method name="KRUSKAL_test2" signature="()" line-rate="1" branch-rate="1" complexity="1">
              <lines>
                <line number="97" hits="1" branch="false" />
                <line number="98" hits="1" branch="false" />
                <line number="99" hits="1" branch="false" />
                <line number="100" hits="1" branch="false" />
                <line number="103" hits="1" branch="false" />
                <line number="104" hits="1" branch="false" />
                <line number="105" hits="1" branch="false" />
                <line number="108" hits="1" branch="false" />
                <line number="109" hits="1" branch="false" />
                <line number="110" hits="1" branch="false" />
                <line number="113" hits="1" branch="false" />
                <line number="114" hits="1" branch="false" />
                <line number="115" hits="1" branch="false" />
                <line number="118" hits="1" branch="false" />
                <line number="119" hits="1" branch="false" />
                <line number="120" hits="1" branch="false" />
                <line number="123" hits="1" branch="false" />
                <line number="124" hits="1" branch="false" />
                <line number="125" hits="1" branch="false" />
                <line number="128" hits="1" branch="false" />
                <line number="129" hits="1" branch="false" />
                <line number="130" hits="1" branch="false" />
                <line number="132" hits="1" branch="false" />
                <line number="133" hits="1" branch="false" />
                <line number="134" hits="1" branch="false" />
                <line number="135" hits="1" branch="false" />
                <line number="136" hits="1" branch="false" />
                <line number="138" hits="1" branch="false" />
                <line number="139" hits="1" branch="false" />
              </lines>
            </method>
            <method name="Minimum_Spanning_Tree_test3" signature="()" line-rate="1" branch-rate="1" complexity="1">
              <lines>
                <line number="143" hits="1" branch="false" />
                <line number="144" hits="1" branch="false" />
                <line number="145" hits="1" branch="false" />
                <line number="146" hits="1" branch="false" />
                <line number="149" hits="1" branch="false" />
                <line number="150" hits="1" branch="false" />
                <line number="151" hits="1" branch="false" />
                <line number="154" hits="1" branch="false" />
                <line number="155" hits="1" branch="false" />
                <line number="156" hits="1" branch="false" />
                <line number="159" hits="1" branch="false" />
                <line number="160" hits="1" branch="false" />
                <line number="161" hits="1" branch="false" />
                <line number="164" hits="1" branch="false" />
                <line number="165" hits="1" branch="false" />
                <line number="166" hits="1" branch="false" />
                <line number="169" hits="1" branch="false" />
                <line number="170" hits="1" branch="false" />
                <line number="171" hits="1" branch="false" />
                <line number="174" hits="1" branch="false" />
                <line number="175" hits="1" branch="false" />
                <line number="176" hits="1" branch="false" />
                <line number="179" hits="1" branch="false" />
                <line number="180" hits="1" branch="false" />
                <line number="181" hits="1" branch="false" />
                <line number="184" hits="1" branch="false" />
                <line number="185" hits="1" branch="false" />
                <line number="186" hits="1" branch="false" />
                <line number="192" hits="1" branch="false" />
                <line number="193" hits="1" branch="false" />
                <line number="194" hits="1" branch="false" />
                <line number="195" hits="1" branch="false" />
                <line number="196" hits="1" branch="false" />
                <line number="197" hits="1" branch="false" />
                <line number="199" hits="1" branch="false" />
                <line number="200" hits="1" branch="false" />
              </lines>
            </method>
            <method name="BELLMAN_FORD_test1" signature="()" line-rate="1" branch-rate="1" complexity="1">
              <lines>
                <line number="205" hits="1" branch="false" />
                <line number="206" hits="1" branch="false" />
                <line number="207" hits="1" branch="false" />
                <line number="209" hits="1" branch="false" />
                <line number="212" hits="1" branch="false" />
                <line number="213" hits="1" branch="false" />
                <line number="214" hits="1" branch="false" />
                <line number="217" hits="1" branch="false" />
                <line number="218" hits="1" branch="false" />
                <line number="219" hits="1" branch="false" />
                <line number="222" hits="1" branch="false" />
                <line number="223" hits="1" branch="false" />
                <line number="224" hits="1" branch="false" />
                <line number="227" hits="1" branch="false" />
                <line number="228" hits="1" branch="false" />
                <line number="229" hits="1" branch="false" />
                <line number="232" hits="1" branch="false" />
                <line number="233" hits="1" branch="false" />
                <line number="234" hits="1" branch="false" />
                <line number="237" hits="1" branch="false" />
                <line number="238" hits="1" branch="false" />
                <line number="239" hits="1" branch="false" />
                <line number="243" hits="1" branch="false" />
                <line number="245" hits="1" branch="false" />
                <line number="246" hits="1" branch="false" />
              </lines>
            </method>
            <method name="BELLMAN_FORD_test2" signature="()" line-rate="1" branch-rate="1" complexity="1">
              <lines>
                <line number="250" hits="1" branch="false" />
                <line number="251" hits="1" branch="false" />
                <line number="252" hits="1" branch="false" />
                <line number="254" hits="1" branch="false" />
                <line number="257" hits="1" branch="false" />
                <line number="258" hits="1" branch="false" />
                <line number="259" hits="1" branch="false" />
                <line number="262" hits="1" branch="false" />
                <line number="263" hits="1" branch="false" />
                <line number="264" hits="1" branch="false" />
                <line number="267" hits="1" branch="false" />
                <line number="268" hits="1" branch="false" />
                <line number="269" hits="1" branch="false" />
                <line number="272" hits="1" branch="false" />
                <line number="273" hits="1" branch="false" />
                <line number="274" hits="1" branch="false" />
                <line number="277" hits="1" branch="false" />
                <line number="278" hits="1" branch="false" />
                <line number="279" hits="1" branch="false" />
                <line number="282" hits="1" branch="false" />
                <line number="283" hits="1" branch="false" />
                <line number="284" hits="1" branch="false" />
                <line number="286" hits="1" branch="false" />
                <line number="288" hits="1" branch="false" />
                <line number="289" hits="1" branch="false" />
              </lines>
            </method>
            <method name="BELLMAN_FORD_test3" signature="()" line-rate="1" branch-rate="1" complexity="1">
              <lines>
                <line number="294" hits="1" branch="false" />
                <line number="295" hits="1" branch="false" />
                <line number="296" hits="1" branch="false" />
                <line number="298" hits="1" branch="false" />
                <line number="301" hits="1" branch="false" />
                <line number="302" hits="1" branch="false" />
                <line number="303" hits="1" branch="false" />
                <line number="306" hits="1" branch="false" />
                <line number="307" hits="1" branch="false" />
                <line number="308" hits="1" branch="false" />
                <line number="311" hits="1" branch="false" />
                <line number="312" hits="1" branch="false" />
                <line number="313" hits="1" branch="false" />
                <line number="316" hits="1" branch="false" />
                <line number="317" hits="1" branch="false" />
                <line number="318" hits="1" branch="false" />
                <line number="321" hits="1" branch="false" />
                <line number="322" hits="1" branch="false" />
                <line number="323" hits="1" branch="false" />
                <line number="326" hits="1" branch="false" />
                <line number="327" hits="1" branch="false" />
                <line number="328" hits="1" branch="false" />
                <line number="331" hits="1" branch="false" />
                <line number="332" hits="1" branch="false" />
                <line number="333" hits="1" branch="false" />
                <line number="336" hits="1" branch="false" />
                <line number="337" hits="1" branch="false" />
                <line number="338" hits="1" branch="false" />
                <line number="341" hits="1" branch="false" />
                <line number="342" hits="1" branch="false" />
                <line number="343" hits="1" branch="false" />
                <line number="344" hits="1" branch="false" />
                <line number="345" hits="1" branch="false" />
                <line number="346" hits="1" branch="false" />
                <line number="348" hits="1" branch="false" />
                <line number="349" hits="1" branch="false" />
              </lines>
            </method>
            <method name="FORD_FULKERSON_test1" signature="()" line-rate="1" branch-rate="1" complexity="1">
              <lines>
                <line number="353" hits="1" branch="false" />
                <line number="354" hits="1" branch="false" />
                <line number="355" hits="1" branch="false" />
                <line number="356" hits="1" branch="false" />
                <line number="357" hits="1" branch="false" />
                <line number="358" hits="1" branch="false" />
                <line number="359" hits="1" branch="false" />
                <line number="360" hits="1" branch="false" />
                <line number="361" hits="1" branch="false" />
                <line number="362" hits="1" branch="false" />
                <line number="363" hits="1" branch="false" />
                <line number="364" hits="1" branch="false" />
                <line number="365" hits="1" branch="false" />
                <line number="367" hits="1" branch="false" />
                <line number="368" hits="1" branch="false" />
              </lines>
            </method>
            <method name="FORD_FULKERSON_test2" signature="()" line-rate="1" branch-rate="1" complexity="1">
              <lines>
                <line number="372" hits="1" branch="false" />
                <line number="373" hits="1" branch="false" />
                <line number="374" hits="1" branch="false" />
                <line number="375" hits="1" branch="false" />
                <line number="376" hits="1" branch="false" />
                <line number="377" hits="1" branch="false" />
                <line number="378" hits="1" branch="false" />
                <line number="379" hits="1" branch="false" />
                <line number="380" hits="1" branch="false" />
                <line number="381" hits="1" branch="false" />
                <line number="382" hits="1" branch="false" />
                <line number="383" hits="1" branch="false" />
                <line number="384" hits="1" branch="false" />
                <line number="386" hits="1" branch="false" />
                <line number="387" hits="1" branch="false" />
              </lines>
            </method>
            <method name="FORD_FULKERSON_test3" signature="()" line-rate="1" branch-rate="1" complexity="1">
              <lines>
                <line number="391" hits="1" branch="false" />
                <line number="392" hits="1" branch="false" />
                <line number="393" hits="1" branch="false" />
                <line number="394" hits="1" branch="false" />
                <line number="395" hits="1" branch="false" />
                <line number="396" hits="1" branch="false" />
                <line number="397" hits="1" branch="false" />
                <line number="398" hits="1" branch="false" />
                <line number="399" hits="1" branch="false" />
                <line number="400" hits="1" branch="false" />
                <line number="401" hits="1" branch="false" />
                <line number="402" hits="1" branch="false" />
                <line number="403" hits="1" branch="false" />
                <line number="405" hits="1" branch="false" />
                <line number="406" hits="1" branch="false" />
              </lines>
            </method>
          </methods>
          <lines>
            <line number="14" hits="1" branch="false" />
            <line number="15" hits="1" branch="false" />
            <line number="16" hits="1" branch="false" />
            <line number="17" hits="1" branch="false" />
            <line number="18" hits="1" branch="false" />
            <line number="19" hits="1" branch="false" />
            <line number="20" hits="1" branch="false" />
            <line number="21" hits="1" branch="false" />
            <line number="23" hits="1" branch="false" />
            <line number="25" hits="1" branch="false" />
            <line number="26" hits="1" branch="false" />
            <line number="30" hits="1" branch="false" />
            <line number="31" hits="1" branch="false" />
            <line number="32" hits="1" branch="false" />
            <line number="33" hits="1" branch="false" />
            <line number="34" hits="1" branch="false" />
            <line number="35" hits="1" branch="false" />
            <line number="36" hits="1" branch="false" />
            <line number="38" hits="1" branch="false" />
            <line number="39" hits="1" branch="false" />
            <line number="43" hits="1" branch="false" />
            <line number="44" hits="1" branch="false" />
            <line number="45" hits="1" branch="false" />
            <line number="46" hits="1" branch="false" />
            <line number="47" hits="1" branch="false" />
            <line number="49" hits="1" branch="false" />
            <line number="51" hits="1" branch="false" />
            <line number="52" hits="1" branch="false" />
            <line number="57" hits="1" branch="false" />
            <line number="58" hits="1" branch="false" />
            <line number="59" hits="1" branch="false" />
            <line number="60" hits="1" branch="false" />
            <line number="63" hits="1" branch="false" />
            <line number="64" hits="1" branch="false" />
            <line number="65" hits="1" branch="false" />
            <line number="68" hits="1" branch="false" />
            <line number="69" hits="1" branch="false" />
            <line number="70" hits="1" branch="false" />
            <line number="73" hits="1" branch="false" />
            <line number="74" hits="1" branch="false" />
            <line number="75" hits="1" branch="false" />
            <line number="78" hits="1" branch="false" />
            <line number="79" hits="1" branch="false" />
            <line number="80" hits="1" branch="false" />
            <line number="83" hits="1" branch="false" />
            <line number="84" hits="1" branch="false" />
            <line number="85" hits="1" branch="false" />
            <line number="87" hits="1" branch="false" />
            <line number="88" hits="1" branch="false" />
            <line number="89" hits="1" branch="false" />
            <line number="90" hits="1" branch="false" />
            <line number="92" hits="1" branch="false" />
            <line number="93" hits="1" branch="false" />
            <line number="97" hits="1" branch="false" />
            <line number="98" hits="1" branch="false" />
            <line number="99" hits="1" branch="false" />
            <line number="100" hits="1" branch="false" />
            <line number="103" hits="1" branch="false" />
            <line number="104" hits="1" branch="false" />
            <line number="105" hits="1" branch="false" />
            <line number="108" hits="1" branch="false" />
            <line number="109" hits="1" branch="false" />
            <line number="110" hits="1" branch="false" />
            <line number="113" hits="1" branch="false" />
            <line number="114" hits="1" branch="false" />
            <line number="115" hits="1" branch="false" />
            <line number="118" hits="1" branch="false" />
            <line number="119" hits="1" branch="false" />
            <line number="120" hits="1" branch="false" />
            <line number="123" hits="1" branch="false" />
            <line number="124" hits="1" branch="false" />
            <line number="125" hits="1" branch="false" />
            <line number="128" hits="1" branch="false" />
            <line number="129" hits="1" branch="false" />
            <line number="130" hits="1" branch="false" />
            <line number="132" hits="1" branch="false" />
            <line number="133" hits="1" branch="false" />
            <line number="134" hits="1" branch="false" />
            <line number="135" hits="1" branch="false" />
            <line number="136" hits="1" branch="false" />
            <line number="138" hits="1" branch="false" />
            <line number="139" hits="1" branch="false" />
            <line number="143" hits="1" branch="false" />
            <line number="144" hits="1" branch="false" />
            <line number="145" hits="1" branch="false" />
            <line number="146" hits="1" branch="false" />
            <line number="149" hits="1" branch="false" />
            <line number="150" hits="1" branch="false" />
            <line number="151" hits="1" branch="false" />
            <line number="154" hits="1" branch="false" />
            <line number="155" hits="1" branch="false" />
            <line number="156" hits="1" branch="false" />
            <line number="159" hits="1" branch="false" />
            <line number="160" hits="1" branch="false" />
            <line number="161" hits="1" branch="false" />
            <line number="164" hits="1" branch="false" />
            <line number="165" hits="1" branch="false" />
            <line number="166" hits="1" branch="false" />
            <line number="169" hits="1" branch="false" />
            <line number="170" hits="1" branch="false" />
            <line number="171" hits="1" branch="false" />
            <line number="174" hits="1" branch="false" />
            <line number="175" hits="1" branch="false" />
            <line number="176" hits="1" branch="false" />
            <line number="179" hits="1" branch="false" />
            <line number="180" hits="1" branch="false" />
            <line number="181" hits="1" branch="false" />
            <line number="184" hits="1" branch="false" />
            <line number="185" hits="1" branch="false" />
            <line number="186" hits="1" branch="false" />
            <line number="192" hits="1" branch="false" />
            <line number="193" hits="1" branch="false" />
            <line number="194" hits="1" branch="false" />
            <line number="195" hits="1" branch="false" />
            <line number="196" hits="1" branch="false" />
            <line number="197" hits="1" branch="false" />
            <line number="199" hits="1" branch="false" />
            <line number="200" hits="1" branch="false" />
            <line number="205" hits="1" branch="false" />
            <line number="206" hits="1" branch="false" />
            <line number="207" hits="1" branch="false" />
            <line number="209" hits="1" branch="false" />
            <line number="212" hits="1" branch="false" />
            <line number="213" hits="1" branch="false" />
            <line number="214" hits="1" branch="false" />
            <line number="217" hits="1" branch="false" />
            <line number="218" hits="1" branch="false" />
            <line number="219" hits="1" branch="false" />
            <line number="222" hits="1" branch="false" />
            <line number="223" hits="1" branch="false" />
            <line number="224" hits="1" branch="false" />
            <line number="227" hits="1" branch="false" />
            <line number="228" hits="1" branch="false" />
            <line number="229" hits="1" branch="false" />
            <line number="232" hits="1" branch="false" />
            <line number="233" hits="1" branch="false" />
            <line number="234" hits="1" branch="false" />
            <line number="237" hits="1" branch="false" />
            <line number="238" hits="1" branch="false" />
            <line number="239" hits="1" branch="false" />
            <line number="243" hits="1" branch="false" />
            <line number="245" hits="1" branch="false" />
            <line number="246" hits="1" branch="false" />
            <line number="250" hits="1" branch="false" />
            <line number="251" hits="1" branch="false" />
            <line number="252" hits="1" branch="false" />
            <line number="254" hits="1" branch="false" />
            <line number="257" hits="1" branch="false" />
            <line number="258" hits="1" branch="false" />
            <line number="259" hits="1" branch="false" />
            <line number="262" hits="1" branch="false" />
            <line number="263" hits="1" branch="false" />
            <line number="264" hits="1" branch="false" />
            <line number="267" hits="1" branch="false" />
            <line number="268" hits="1" branch="false" />
            <line number="269" hits="1" branch="false" />
            <line number="272" hits="1" branch="false" />
            <line number="273" hits="1" branch="false" />
            <line number="274" hits="1" branch="false" />
            <line number="277" hits="1" branch="false" />
            <line number="278" hits="1" branch="false" />
            <line number="279" hits="1" branch="false" />
            <line number="282" hits="1" branch="false" />
            <line number="283" hits="1" branch="false" />
            <line number="284" hits="1" branch="false" />
            <line number="286" hits="1" branch="false" />
            <line number="288" hits="1" branch="false" />
            <line number="289" hits="1" branch="false" />
            <line number="294" hits="1" branch="false" />
            <line number="295" hits="1" branch="false" />
            <line number="296" hits="1" branch="false" />
            <line number="298" hits="1" branch="false" />
            <line number="301" hits="1" branch="false" />
            <line number="302" hits="1" branch="false" />
            <line number="303" hits="1" branch="false" />
            <line number="306" hits="1" branch="false" />
            <line number="307" hits="1" branch="false" />
            <line number="308" hits="1" branch="false" />
            <line number="311" hits="1" branch="false" />
            <line number="312" hits="1" branch="false" />
            <line number="313" hits="1" branch="false" />
            <line number="316" hits="1" branch="false" />
            <line number="317" hits="1" branch="false" />
            <line number="318" hits="1" branch="false" />
            <line number="321" hits="1" branch="false" />
            <line number="322" hits="1" branch="false" />
            <line number="323" hits="1" branch="false" />
            <line number="326" hits="1" branch="false" />
            <line number="327" hits="1" branch="false" />
            <line number="328" hits="1" branch="false" />
            <line number="331" hits="1" branch="false" />
            <line number="332" hits="1" branch="false" />
            <line number="333" hits="1" branch="false" />
            <line number="336" hits="1" branch="false" />
            <line number="337" hits="1" branch="false" />
            <line number="338" hits="1" branch="false" />
            <line number="341" hits="1" branch="false" />
            <line number="342" hits="1" branch="false" />
            <line number="343" hits="1" branch="false" />
            <line number="344" hits="1" branch="false" />
            <line number="345" hits="1" branch="false" />
            <line number="346" hits="1" branch="false" />
            <line number="348" hits="1" branch="false" />
            <line number="349" hits="1" branch="false" />
            <line number="353" hits="1" branch="false" />
            <line number="354" hits="1" branch="false" />
            <line number="355" hits="1" branch="false" />
            <line number="356" hits="1" branch="false" />
            <line number="357" hits="1" branch="false" />
            <line number="358" hits="1" branch="false" />
            <line number="359" hits="1" branch="false" />
            <line number="360" hits="1" branch="false" />
            <line number="361" hits="1" branch="false" />
            <line number="362" hits="1" branch="false" />
            <line number="363" hits="1" branch="false" />
            <line number="364" hits="1" branch="false" />
            <line number="365" hits="1" branch="false" />
            <line number="367" hits="1" branch="false" />
            <line number="368" hits="1" branch="false" />
            <line number="372" hits="1" branch="false" />
            <line number="373" hits="1" branch="false" />
            <line number="374" hits="1" branch="false" />
            <line number="375" hits="1" branch="false" />
            <line number="376" hits="1" branch="false" />
            <line number="377" hits="1" branch="false" />
            <line number="378" hits="1" branch="false" />
            <line number="379" hits="1" branch="false" />
            <line number="380" hits="1" branch="false" />
            <line number="381" hits="1" branch="false" />
            <line number="382" hits="1" branch="false" />
            <line number="383" hits="1" branch="false" />
            <line number="384" hits="1" branch="false" />
            <line number="386" hits="1" branch="false" />
            <line number="387" hits="1" branch="false" />
            <line number="391" hits="1" branch="false" />
            <line number="392" hits="1" branch="false" />
            <line number="393" hits="1" branch="false" />
            <line number="394" hits="1" branch="false" />
            <line number="395" hits="1" branch="false" />
            <line number="396" hits="1" branch="false" />
            <line number="397" hits="1" branch="false" />
            <line number="398" hits="1" branch="false" />
            <line number="399" hits="1" branch="false" />
            <line number="400" hits="1" branch="false" />
            <line number="401" hits="1" branch="false" />
            <line number="402" hits="1" branch="false" />
            <line number="403" hits="1" branch="false" />
            <line number="405" hits="1" branch="false" />
            <line number="406" hits="1" branch="false" />
          </lines>
        </class>
      </classes>
    </package>
  </packages>
</coverage>